 indir /scratch1/NCEPDEV/stmp2/Lydia.B.Stefanova/fromHPSS//ufs_b33/2011010100/gfs.20110101/00 does not exist
 indir /scratch1/NCEPDEV/stmp2/Lydia.B.Stefanova/fromHPSS//ufs_b33/2011011500/gfs.20110115/00 does not exist
 indir /scratch1/NCEPDEV/stmp2/Lydia.B.Stefanova/fromHPSS//ufs_b33/2011020100/gfs.20110201/00 does not exist
 indir /scratch1/NCEPDEV/stmp2/Lydia.B.Stefanova/fromHPSS//ufs_b33/2011021500/gfs.20110215/00 does not exist
 indir /scratch1/NCEPDEV/stmp2/Lydia.B.Stefanova/fromHPSS//ufs_b33/2011030100/gfs.20110301/00 does not exist
 indir /scratch1/NCEPDEV/stmp2/Lydia.B.Stefanova/fromHPSS//ufs_b33/2011031500/gfs.20110315/00 does not exist
ufs_b33 20110401 icec already processed
ufs_b33 20110415 icec already processed
ufs_b33 20110501 icec already processed
ufs_b33 20110515 icec already processed
ufs_b33 20110601 icec already processed
ufs_b33 20110615 icec already processed
ufs_b33 20110701 icec already processed
ufs_b33 20110715 icec already processed
ufs_b33 20110801 icec already processed
ufs_b33 20110815 icec already processed
ufs_b33 20110901 icec already processed
ufs_b33 20110915 icec already processed
ufs_b33 20111001 icec already processed
ufs_b33 20111015 icec already processed
ufs_b33 20111101 icec already processed
ufs_b33 20111115 icec already processed
ufs_b33 20111201 icec already processed
ufs_b33 20111215 icec already processed
ufs_b33 20120101 icec already processed
ufs_b33 20120115 icec already processed
ufs_b33 20120201 icec already processed
ufs_b33 20120215 icec already processed
ufs_b33 20120301 icec already processed
ufs_b33 20120315 icec already processed
ufs_b33 20120401 icec already processed
ufs_b33 20120415 icec already processed
ufs_b33 20120501 icec already processed
ufs_b33 20120515 icec already processed
ufs_b33 20120601 icec already processed
ufs_b33 20120615 icec already processed
ufs_b33 20120701 icec already processed
ufs_b33 20120715 icec already processed
ufs_b33 20120801 icec already processed
ufs_b33 20120815 icec already processed
ufs_b33 20120901 icec already processed
ufs_b33 20120915 icec already processed
ufs_b33 20121001 icec already processed
ufs_b33 20121015 icec already processed
ufs_b33 20121101 icec already processed
ufs_b33 20121115 icec already processed
ufs_b33 20121201 icec already processed
ufs_b33 20121215 icec already processed
ufs_b33 20130101 icec already processed
ufs_b33 20130115 icec already processed
ufs_b33 20130201 icec already processed
ufs_b33 20130215 icec already processed
ufs_b33 20130301 icec already processed
ufs_b33 20130315 icec already processed
ufs_b33 20130401 icec already processed
ufs_b33 20130415 icec already processed
ufs_b33 20130501 icec already processed
ufs_b33 20130515 icec already processed
ufs_b33 20130601 icec already processed
ufs_b33 20130615 icec already processed
ufs_b33 20130701 icec already processed
ufs_b33 20130715 icec already processed
ufs_b33 20130801 icec already processed
ufs_b33 20130815 icec already processed
ufs_b33 20130901 icec already processed
ufs_b33 20130915 icec already processed
ufs_b33 20131001 icec already processed
ufs_b33 20131015 icec already processed
ufs_b33 20131101 icec already processed
ufs_b33 20131115 icec already processed
ufs_b33 20131201 icec already processed
ufs_b33 20131215 icec already processed
ufs_b33 20140101 icec already processed
ufs_b33 20140115 icec already processed
ufs_b33 20140201 icec already processed
ufs_b33 20140215 icec already processed
ufs_b33 20140301 icec already processed
ufs_b33 20140315 icec already processed
ufs_b33 20140401 icec already processed
ufs_b33 20140415 icec already processed
ufs_b33 20140501 icec already processed
ufs_b33 20140515 icec already processed
ufs_b33 20140601 icec already processed
ufs_b33 20140615 icec already processed
ufs_b33 20140701 icec already processed
ufs_b33 20140715 icec already processed
ufs_b33 20140801 icec already processed
ufs_b33 20140815 icec already processed
ufs_b33 20140901 icec already processed
ufs_b33 20140915 icec already processed
ufs_b33 20141001 icec already processed
ufs_b33 20141015 icec already processed
ufs_b33 20141101 icec already processed
ufs_b33 20141115 icec already processed
ufs_b33 20141201 icec already processed
ufs_b33 20141215 icec already processed
ufs_b33 20150101 icec already processed
ufs_b33 20150115 icec already processed
ufs_b33 20150201 icec already processed
ufs_b33 20150215 icec already processed
ufs_b33 20150301 icec already processed
ufs_b33 20150315 icec already processed
ufs_b33 20150401 icec already processed
ufs_b33 20150415 icec already processed
ufs_b33 20150501 icec already processed
ufs_b33 20150515 icec already processed
ufs_b33 20150601 icec already processed
ufs_b33 20150615 icec already processed
ufs_b33 20150701 icec already processed
ufs_b33 20150715 icec already processed
ufs_b33 20150801 icec already processed
ufs_b33 20150815 icec already processed
ufs_b33 20150901 icec already processed
ufs_b33 20150915 icec already processed
ufs_b33 20151001 icec already processed
ufs_b33 20151015 icec already processed
ufs_b33 20151101 icec already processed
ufs_b33 20151115 icec already processed
ufs_b33 20151201 icec already processed
ufs_b33 20151215 icec already processed
ufs_b33 20160101 icec already processed
ufs_b33 20160115 icec already processed
ufs_b33 20160201 icec already processed
ufs_b33 20160215 icec already processed
ufs_b33 20160301 icec already processed
ufs_b33 20160315 icec already processed
ufs_b33 20160401 icec already processed
ufs_b33 20160415 icec already processed
ufs_b33 20160501 icec already processed
ufs_b33 20160515 icec already processed
ufs_b33 20160601 icec already processed
aggregating ufs_b33 20160615 icec
cdo(2) daymean: Process started
cdo(3) shifttime: Process started
cdo(3) shifttime: Processed 9122400 values from 1 variable over 140 timesteps
cdo(2) daymean: Processed 9122400 values from 1 variable over 140 timesteps
cdo shifttime: Processed 2280600 values from 1 variable over 35 timesteps [0.11s 54MB]
aggregating ufs_b33 20160701 icec
cdo(2) daymean: Process started
cdo(3) shifttime: Process started
cdo(3) shifttime: Processed 9122400 values from 1 variable over 140 timesteps
cdo(2) daymean: Processed 9122400 values from 1 variable over 140 timesteps
cdo shifttime: Processed 2280600 values from 1 variable over 35 timesteps [0.12s 54MB]
aggregating ufs_b33 20160715 icec
cdo(2) daymean: Process started
cdo(3) shifttime: Process started
cdo(3) shifttime: Processed 9122400 values from 1 variable over 140 timesteps
cdo(2) daymean: Processed 9122400 values from 1 variable over 140 timesteps
cdo shifttime: Processed 2280600 values from 1 variable over 35 timesteps [0.13s 54MB]
aggregating ufs_b33 20160801 icec
cdo(2) daymean: Process started
cdo(3) shifttime: Process started
cdo(3) shifttime: Processed 9122400 values from 1 variable over 140 timesteps
cdo(2) daymean: Processed 9122400 values from 1 variable over 140 timesteps
cdo shifttime: Processed 2280600 values from 1 variable over 35 timesteps [0.12s 54MB]
aggregating ufs_b33 20160815 icec
cdo(2) daymean: Process started
cdo(3) shifttime: Process started
cdo(3) shifttime: Processed 9122400 values from 1 variable over 140 timesteps
cdo(2) daymean: Processed 9122400 values from 1 variable over 140 timesteps
cdo shifttime: Processed 2280600 values from 1 variable over 35 timesteps [0.11s 54MB]
aggregating ufs_b33 20160901 icec
cdo(2) daymean: Process started
cdo(3) shifttime: Process started
cdo(3) shifttime: Processed 9122400 values from 1 variable over 140 timesteps
cdo(2) daymean: Processed 9122400 values from 1 variable over 140 timesteps
cdo shifttime: Processed 2280600 values from 1 variable over 35 timesteps [0.15s 54MB]
aggregating ufs_b33 20160915 icec
cdo(2) daymean: Process started
cdo(3) shifttime: Process started
cdo(3) shifttime: Processed 9122400 values from 1 variable over 140 timesteps
cdo(2) daymean: Processed 9122400 values from 1 variable over 140 timesteps
cdo shifttime: Processed 2280600 values from 1 variable over 35 timesteps [0.10s 54MB]
aggregating ufs_b33 20161001 icec
cdo(2) daymean: Process started
cdo(3) shifttime: Process started
cdo(3) shifttime: Processed 9122400 values from 1 variable over 140 timesteps
cdo(2) daymean: Processed 9122400 values from 1 variable over 140 timesteps
cdo shifttime: Processed 2280600 values from 1 variable over 35 timesteps [0.15s 54MB]
aggregating ufs_b33 20161015 icec
cdo(2) daymean: Process started
cdo(3) shifttime: Process started
cdo(3) shifttime: Processed 9122400 values from 1 variable over 140 timesteps
cdo(2) daymean: Processed 9122400 values from 1 variable over 140 timesteps
cdo shifttime: Processed 2280600 values from 1 variable over 35 timesteps [0.11s 54MB]
aggregating ufs_b33 20161101 icec
cdo(2) daymean: Process started
cdo(3) shifttime: Process started
cdo(3) shifttime: Processed 9122400 values from 1 variable over 140 timesteps
cdo(2) daymean: Processed 9122400 values from 1 variable over 140 timesteps
cdo shifttime: Processed 2280600 values from 1 variable over 35 timesteps [0.14s 54MB]
aggregating ufs_b33 20161115 icec
cdo(2) daymean: Process started
cdo(3) shifttime: Process started
cdo(3) shifttime: Processed 9122400 values from 1 variable over 140 timesteps
cdo(2) daymean: Processed 9122400 values from 1 variable over 140 timesteps
cdo shifttime: Processed 2280600 values from 1 variable over 35 timesteps [0.11s 54MB]
aggregating ufs_b33 20161201 icec
cdo(2) daymean: Process started
cdo(3) shifttime: Process started
cdo(3) shifttime: Processed 9122400 values from 1 variable over 140 timesteps
cdo(2) daymean: Processed 9122400 values from 1 variable over 140 timesteps
cdo shifttime: Processed 2280600 values from 1 variable over 35 timesteps [0.11s 54MB]
aggregating ufs_b33 20161215 icec
cdo(2) daymean: Process started
cdo(3) shifttime: Process started
cdo(3) shifttime: Processed 9122400 values from 1 variable over 140 timesteps
cdo(2) daymean: Processed 9122400 values from 1 variable over 140 timesteps
cdo shifttime: Processed 2280600 values from 1 variable over 35 timesteps [0.11s 54MB]
aggregating ufs_b33 20170101 icec
cdo(2) daymean: Process started
cdo(3) shifttime: Process started
cdo(3) shifttime: Processed 9122400 values from 1 variable over 140 timesteps
cdo(2) daymean: Processed 9122400 values from 1 variable over 140 timesteps
cdo shifttime: Processed 2280600 values from 1 variable over 35 timesteps [0.12s 54MB]
aggregating ufs_b33 20170115 icec
cdo(2) daymean: Process started
cdo(3) shifttime: Process started
cdo(3) shifttime: Processed 9122400 values from 1 variable over 140 timesteps
cdo(2) daymean: Processed 9122400 values from 1 variable over 140 timesteps
cdo shifttime: Processed 2280600 values from 1 variable over 35 timesteps [0.12s 54MB]
aggregating ufs_b33 20170201 icec
cdo(2) daymean: Process started
cdo(3) shifttime: Process started
cdo(3) shifttime: Processed 9122400 values from 1 variable over 140 timesteps
cdo(2) daymean: Processed 9122400 values from 1 variable over 140 timesteps
cdo shifttime: Processed 2280600 values from 1 variable over 35 timesteps [0.16s 54MB]
aggregating ufs_b33 20170215 icec
cdo(2) daymean: Process started
cdo(3) shifttime: Process started
cdo(3) shifttime: Processed 9122400 values from 1 variable over 140 timesteps
cdo(2) daymean: Processed 9122400 values from 1 variable over 140 timesteps
cdo shifttime: Processed 2280600 values from 1 variable over 35 timesteps [0.16s 54MB]
aggregating ufs_b33 20170301 icec
cdo(2) daymean: Process started
cdo(3) shifttime: Process started
cdo(3) shifttime: Processed 9122400 values from 1 variable over 140 timesteps
cdo(2) daymean: Processed 9122400 values from 1 variable over 140 timesteps
cdo shifttime: Processed 2280600 values from 1 variable over 35 timesteps [0.10s 54MB]
aggregating ufs_b33 20170315 icec
cdo(2) daymean: Process started
cdo(3) shifttime: Process started
cdo(3) shifttime: Processed 9122400 values from 1 variable over 140 timesteps
cdo(2) daymean: Processed 9122400 values from 1 variable over 140 timesteps
cdo shifttime: Processed 2280600 values from 1 variable over 35 timesteps [0.11s 54MB]
aggregating ufs_b33 20170401 icec
cdo(2) daymean: Process started
cdo(3) shifttime: Process started
cdo(3) shifttime: Processed 9122400 values from 1 variable over 140 timesteps
cdo(2) daymean: Processed 9122400 values from 1 variable over 140 timesteps
cdo shifttime: Processed 2280600 values from 1 variable over 35 timesteps [0.10s 54MB]
aggregating ufs_b33 20170415 icec
cdo(2) daymean: Process started
cdo(3) shifttime: Process started
cdo(3) shifttime: Processed 9122400 values from 1 variable over 140 timesteps
cdo(2) daymean: Processed 9122400 values from 1 variable over 140 timesteps
cdo shifttime: Processed 2280600 values from 1 variable over 35 timesteps [0.12s 54MB]
aggregating ufs_b33 20170501 icec
cdo(2) daymean: Process started
cdo(3) shifttime: Process started
cdo(3) shifttime: Processed 9122400 values from 1 variable over 140 timesteps
cdo(2) daymean: Processed 9122400 values from 1 variable over 140 timesteps
cdo shifttime: Processed 2280600 values from 1 variable over 35 timesteps [0.15s 54MB]
aggregating ufs_b33 20170515 icec
cdo(2) daymean: Process started
cdo(3) shifttime: Process started
cdo(3) shifttime: Processed 9122400 values from 1 variable over 140 timesteps
cdo(2) daymean: Processed 9122400 values from 1 variable over 140 timesteps
cdo shifttime: Processed 2280600 values from 1 variable over 35 timesteps [0.14s 54MB]
aggregating ufs_b33 20170601 icec
cdo(2) daymean: Process started
cdo(3) shifttime: Process started
cdo(3) shifttime: Processed 9122400 values from 1 variable over 140 timesteps
cdo(2) daymean: Processed 9122400 values from 1 variable over 140 timesteps
cdo shifttime: Processed 2280600 values from 1 variable over 35 timesteps [0.16s 54MB]
aggregating ufs_b33 20170615 icec
cdo(2) daymean: Process started
cdo(3) shifttime: Process started
cdo(3) shifttime: Processed 9122400 values from 1 variable over 140 timesteps
cdo(2) daymean: Processed 9122400 values from 1 variable over 140 timesteps
cdo shifttime: Processed 2280600 values from 1 variable over 35 timesteps [0.12s 54MB]
aggregating ufs_b33 20170701 icec
cdo(2) daymean: Process started
cdo(3) shifttime: Process started
cdo(3) shifttime: Processed 9122400 values from 1 variable over 140 timesteps
cdo(2) daymean: Processed 9122400 values from 1 variable over 140 timesteps
cdo shifttime: Processed 2280600 values from 1 variable over 35 timesteps [0.14s 54MB]
aggregating ufs_b33 20170715 icec
cdo(2) daymean: Process started
cdo(3) shifttime: Process started
cdo(3) shifttime: Processed 9122400 values from 1 variable over 140 timesteps
cdo(2) daymean: Processed 9122400 values from 1 variable over 140 timesteps
cdo shifttime: Processed 2280600 values from 1 variable over 35 timesteps [0.14s 54MB]
aggregating ufs_b33 20170801 icec
cdo(2) daymean: Process started
cdo(3) shifttime: Process started
cdo(3) shifttime: Processed 9122400 values from 1 variable over 140 timesteps
cdo(2) daymean: Processed 9122400 values from 1 variable over 140 timesteps
cdo shifttime: Processed 2280600 values from 1 variable over 35 timesteps [0.15s 54MB]
aggregating ufs_b33 20170815 icec
cdo(2) daymean: Process started
cdo(3) shifttime: Process started
cdo(3) shifttime: Processed 9122400 values from 1 variable over 140 timesteps
cdo(2) daymean: Processed 9122400 values from 1 variable over 140 timesteps
cdo shifttime: Processed 2280600 values from 1 variable over 35 timesteps [0.12s 54MB]
aggregating ufs_b33 20170901 icec
cdo(2) daymean: Process started
cdo(3) shifttime: Process started
cdo(3) shifttime: Processed 9122400 values from 1 variable over 140 timesteps
cdo(2) daymean: Processed 9122400 values from 1 variable over 140 timesteps
cdo shifttime: Processed 2280600 values from 1 variable over 35 timesteps [0.11s 54MB]
aggregating ufs_b33 20170915 icec
cdo(2) daymean: Process started
cdo(3) shifttime: Process started
cdo(3) shifttime: Processed 9122400 values from 1 variable over 140 timesteps
cdo(2) daymean: Processed 9122400 values from 1 variable over 140 timesteps
cdo shifttime: Processed 2280600 values from 1 variable over 35 timesteps [0.14s 54MB]
aggregating ufs_b33 20171001 icec
cdo(2) daymean: Process started
cdo(3) shifttime: Process started
cdo(3) shifttime: Processed 9122400 values from 1 variable over 140 timesteps
cdo(2) daymean: Processed 9122400 values from 1 variable over 140 timesteps
cdo shifttime: Processed 2280600 values from 1 variable over 35 timesteps [0.12s 54MB]
aggregating ufs_b33 20171015 icec
cdo(2) daymean: Process started
cdo(3) shifttime: Process started
cdo(3) shifttime: Processed 9122400 values from 1 variable over 140 timesteps
cdo(2) daymean: Processed 9122400 values from 1 variable over 140 timesteps
cdo shifttime: Processed 2280600 values from 1 variable over 35 timesteps [0.12s 54MB]
aggregating ufs_b33 20171101 icec
cdo(2) daymean: Process started
cdo(3) shifttime: Process started
cdo(3) shifttime: Processed 9122400 values from 1 variable over 140 timesteps
cdo(2) daymean: Processed 9122400 values from 1 variable over 140 timesteps
cdo shifttime: Processed 2280600 values from 1 variable over 35 timesteps [0.12s 54MB]
aggregating ufs_b33 20171115 icec
cdo(2) daymean: Process started
cdo(3) shifttime: Process started
cdo(3) shifttime: Processed 9122400 values from 1 variable over 140 timesteps
cdo(2) daymean: Processed 9122400 values from 1 variable over 140 timesteps
cdo shifttime: Processed 2280600 values from 1 variable over 35 timesteps [0.12s 54MB]
aggregating ufs_b33 20171201 icec
cdo(2) daymean: Process started
cdo(3) shifttime: Process started
cdo(3) shifttime: Processed 9122400 values from 1 variable over 140 timesteps
cdo(2) daymean: Processed 9122400 values from 1 variable over 140 timesteps
cdo shifttime: Processed 2280600 values from 1 variable over 35 timesteps [0.11s 54MB]
aggregating ufs_b33 20171215 icec
cdo(2) daymean: Process started
cdo(3) shifttime: Process started
cdo(3) shifttime: Processed 9122400 values from 1 variable over 140 timesteps
cdo(2) daymean: Processed 9122400 values from 1 variable over 140 timesteps
cdo shifttime: Processed 2280600 values from 1 variable over 35 timesteps [0.15s 54MB]
aggregating ufs_b33 20180101 icec
cdo(2) daymean: Process started
cdo(3) shifttime: Process started
cdo(3) shifttime: Processed 9122400 values from 1 variable over 140 timesteps
cdo(2) daymean: Processed 9122400 values from 1 variable over 140 timesteps
cdo shifttime: Processed 2280600 values from 1 variable over 35 timesteps [0.14s 54MB]
aggregating ufs_b33 20180115 icec
cdo(2) daymean: Process started
cdo(3) shifttime: Process started
cdo(3) shifttime: Processed 9122400 values from 1 variable over 140 timesteps
cdo(2) daymean: Processed 9122400 values from 1 variable over 140 timesteps
cdo shifttime: Processed 2280600 values from 1 variable over 35 timesteps [0.11s 54MB]
aggregating ufs_b33 20180201 icec
cdo(2) daymean: Process started
cdo(3) shifttime: Process started
cdo(3) shifttime: Processed 9122400 values from 1 variable over 140 timesteps
cdo(2) daymean: Processed 9122400 values from 1 variable over 140 timesteps
cdo shifttime: Processed 2280600 values from 1 variable over 35 timesteps [0.11s 54MB]
aggregating ufs_b33 20180215 icec
cdo(2) daymean: Process started
cdo(3) shifttime: Process started
cdo(3) shifttime: Processed 9122400 values from 1 variable over 140 timesteps
cdo(2) daymean: Processed 9122400 values from 1 variable over 140 timesteps
cdo shifttime: Processed 2280600 values from 1 variable over 35 timesteps [0.13s 54MB]
aggregating ufs_b33 20180301 icec
cdo(2) daymean: Process started
cdo(3) shifttime: Process started
cdo(3) shifttime: Processed 9122400 values from 1 variable over 140 timesteps
cdo(2) daymean: Processed 9122400 values from 1 variable over 140 timesteps
cdo shifttime: Processed 2280600 values from 1 variable over 35 timesteps [0.15s 54MB]
aggregating ufs_b33 20180315 icec
cdo(2) daymean: Process started
cdo(3) shifttime: Process started
cdo(3) shifttime: Processed 9122400 values from 1 variable over 140 timesteps
cdo(2) daymean: Processed 9122400 values from 1 variable over 140 timesteps
cdo shifttime: Processed 2280600 values from 1 variable over 35 timesteps [0.16s 54MB]
 indir /scratch1/NCEPDEV/stmp2/Lydia.B.Stefanova/fromHPSS//ufs_b33/2018040100/gfs.20180401/00 does not exist
 indir /scratch1/NCEPDEV/stmp2/Lydia.B.Stefanova/fromHPSS//ufs_b33/2018041500/gfs.20180415/00 does not exist
 indir /scratch1/NCEPDEV/stmp2/Lydia.B.Stefanova/fromHPSS//ufs_b33/2018050100/gfs.20180501/00 does not exist
 indir /scratch1/NCEPDEV/stmp2/Lydia.B.Stefanova/fromHPSS//ufs_b33/2018051500/gfs.20180515/00 does not exist
 indir /scratch1/NCEPDEV/stmp2/Lydia.B.Stefanova/fromHPSS//ufs_b33/2018060100/gfs.20180601/00 does not exist
 indir /scratch1/NCEPDEV/stmp2/Lydia.B.Stefanova/fromHPSS//ufs_b33/2018061500/gfs.20180615/00 does not exist
 indir /scratch1/NCEPDEV/stmp2/Lydia.B.Stefanova/fromHPSS//ufs_b33/2018070100/gfs.20180701/00 does not exist
 indir /scratch1/NCEPDEV/stmp2/Lydia.B.Stefanova/fromHPSS//ufs_b33/2018071500/gfs.20180715/00 does not exist
 indir /scratch1/NCEPDEV/stmp2/Lydia.B.Stefanova/fromHPSS//ufs_b33/2018080100/gfs.20180801/00 does not exist
 indir /scratch1/NCEPDEV/stmp2/Lydia.B.Stefanova/fromHPSS//ufs_b33/2018081500/gfs.20180815/00 does not exist
 indir /scratch1/NCEPDEV/stmp2/Lydia.B.Stefanova/fromHPSS//ufs_b33/2018090100/gfs.20180901/00 does not exist
 indir /scratch1/NCEPDEV/stmp2/Lydia.B.Stefanova/fromHPSS//ufs_b33/2018091500/gfs.20180915/00 does not exist
 indir /scratch1/NCEPDEV/stmp2/Lydia.B.Stefanova/fromHPSS//ufs_b33/2018100100/gfs.20181001/00 does not exist
 indir /scratch1/NCEPDEV/stmp2/Lydia.B.Stefanova/fromHPSS//ufs_b33/2018101500/gfs.20181015/00 does not exist
 indir /scratch1/NCEPDEV/stmp2/Lydia.B.Stefanova/fromHPSS//ufs_b33/2018110100/gfs.20181101/00 does not exist
 indir /scratch1/NCEPDEV/stmp2/Lydia.B.Stefanova/fromHPSS//ufs_b33/2018111500/gfs.20181115/00 does not exist
 indir /scratch1/NCEPDEV/stmp2/Lydia.B.Stefanova/fromHPSS//ufs_b33/2018120100/gfs.20181201/00 does not exist
 indir /scratch1/NCEPDEV/stmp2/Lydia.B.Stefanova/fromHPSS//ufs_b33/2018121500/gfs.20181215/00 does not exist
_______________________________________________________________
Start Epilog v19.07.23 on node h13c11 for job 9006514 :: Tue Jun 23 21:32:47 UTC 2020
Job 9006514 (not serial) finished for user Lydia.B.Stefanova in partition hera with exit code 0:0
_______________________________________________________________
End Epilogue v19.07.23 Tue Jun 23 21:32:47 UTC 2020
