 indir /scratch1/NCEPDEV/stmp2/Lydia.B.Stefanova/fromHPSS//ufs_b33/2011010100/gfs.20110101/00 does not exist
 indir /scratch1/NCEPDEV/stmp2/Lydia.B.Stefanova/fromHPSS//ufs_b33/2011011500/gfs.20110115/00 does not exist
 indir /scratch1/NCEPDEV/stmp2/Lydia.B.Stefanova/fromHPSS//ufs_b33/2011020100/gfs.20110201/00 does not exist
 indir /scratch1/NCEPDEV/stmp2/Lydia.B.Stefanova/fromHPSS//ufs_b33/2011021500/gfs.20110215/00 does not exist
 indir /scratch1/NCEPDEV/stmp2/Lydia.B.Stefanova/fromHPSS//ufs_b33/2011030100/gfs.20110301/00 does not exist
 indir /scratch1/NCEPDEV/stmp2/Lydia.B.Stefanova/fromHPSS//ufs_b33/2011031500/gfs.20110315/00 does not exist
aggregating ufs_b33 20110401 icetk
cdo(2) daymean: Process started
cdo(3) shifttime: Process started
cdo(3) shifttime: Processed 9122400 values from 1 variable over 140 timesteps
cdo(2) daymean: Processed 9122400 values from 1 variable over 140 timesteps
cdo shifttime: Processed 2280600 values from 1 variable over 35 timesteps [0.14s 54MB]
aggregating ufs_b33 20110415 icetk
cdo(2) daymean: Process started
cdo(3) shifttime: Process started
cdo(3) shifttime: Processed 9122400 values from 1 variable over 140 timesteps
cdo(2) daymean: Processed 9122400 values from 1 variable over 140 timesteps
cdo shifttime: Processed 2280600 values from 1 variable over 35 timesteps [0.12s 54MB]
aggregating ufs_b33 20110501 icetk
cdo(2) daymean: Process started
cdo(3) shifttime: Process started
cdo(3) shifttime: Processed 9122400 values from 1 variable over 140 timesteps
cdo(2) daymean: Processed 9122400 values from 1 variable over 140 timesteps
cdo shifttime: Processed 2280600 values from 1 variable over 35 timesteps [0.16s 54MB]
aggregating ufs_b33 20110515 icetk
cdo(2) daymean: Process started
cdo(3) shifttime: Process started
cdo(3) shifttime: Processed 9122400 values from 1 variable over 140 timesteps
cdo(2) daymean: Processed 9122400 values from 1 variable over 140 timesteps
cdo shifttime: Processed 2280600 values from 1 variable over 35 timesteps [0.11s 54MB]
aggregating ufs_b33 20110601 icetk
cdo(2) daymean: Process started
cdo(3) shifttime: Process started
cdo(3) shifttime: Processed 9122400 values from 1 variable over 140 timesteps
cdo(2) daymean: Processed 9122400 values from 1 variable over 140 timesteps
cdo shifttime: Processed 2280600 values from 1 variable over 35 timesteps [0.11s 54MB]
aggregating ufs_b33 20110615 icetk
cdo(2) daymean: Process started
cdo(3) shifttime: Process started
cdo(3) shifttime: Processed 9122400 values from 1 variable over 140 timesteps
cdo(2) daymean: Processed 9122400 values from 1 variable over 140 timesteps
cdo shifttime: Processed 2280600 values from 1 variable over 35 timesteps [0.16s 54MB]
aggregating ufs_b33 20110701 icetk
cdo(2) daymean: Process started
cdo(3) shifttime: Process started
cdo(3) shifttime: Processed 9122400 values from 1 variable over 140 timesteps
cdo(2) daymean: Processed 9122400 values from 1 variable over 140 timesteps
cdo shifttime: Processed 2280600 values from 1 variable over 35 timesteps [0.12s 54MB]
aggregating ufs_b33 20110715 icetk
cdo(2) daymean: Process started
cdo(3) shifttime: Process started
cdo(3) shifttime: Processed 9122400 values from 1 variable over 140 timesteps
cdo(2) daymean: Processed 9122400 values from 1 variable over 140 timesteps
cdo shifttime: Processed 2280600 values from 1 variable over 35 timesteps [0.12s 54MB]
aggregating ufs_b33 20110801 icetk
cdo(2) daymean: Process started
cdo(3) shifttime: Process started
cdo(3) shifttime: Processed 9122400 values from 1 variable over 140 timesteps
cdo(2) daymean: Processed 9122400 values from 1 variable over 140 timesteps
cdo shifttime: Processed 2280600 values from 1 variable over 35 timesteps [0.14s 54MB]
aggregating ufs_b33 20110815 icetk
cdo(2) daymean: Process started
cdo(3) shifttime: Process started
cdo(3) shifttime: Processed 9122400 values from 1 variable over 140 timesteps
cdo(2) daymean: Processed 9122400 values from 1 variable over 140 timesteps
cdo shifttime: Processed 2280600 values from 1 variable over 35 timesteps [0.15s 54MB]
aggregating ufs_b33 20110901 icetk
cdo(2) daymean: Process started
cdo(3) shifttime: Process started
cdo(3) shifttime: Processed 9122400 values from 1 variable over 140 timesteps
cdo(2) daymean: Processed 9122400 values from 1 variable over 140 timesteps
cdo shifttime: Processed 2280600 values from 1 variable over 35 timesteps [0.11s 54MB]
aggregating ufs_b33 20110915 icetk
cdo(2) daymean: Process started
cdo(3) shifttime: Process started
cdo(3) shifttime: Processed 9122400 values from 1 variable over 140 timesteps
cdo(2) daymean: Processed 9122400 values from 1 variable over 140 timesteps
cdo shifttime: Processed 2280600 values from 1 variable over 35 timesteps [0.16s 54MB]
aggregating ufs_b33 20111001 icetk
cdo(2) daymean: Process started
cdo(3) shifttime: Process started
cdo(3) shifttime: Processed 9122400 values from 1 variable over 140 timesteps
cdo(2) daymean: Processed 9122400 values from 1 variable over 140 timesteps
cdo shifttime: Processed 2280600 values from 1 variable over 35 timesteps [0.11s 54MB]
aggregating ufs_b33 20111015 icetk
cdo(2) daymean: Process started
cdo(3) shifttime: Process started
cdo(3) shifttime: Processed 9122400 values from 1 variable over 140 timesteps
cdo(2) daymean: Processed 9122400 values from 1 variable over 140 timesteps
cdo shifttime: Processed 2280600 values from 1 variable over 35 timesteps [0.14s 54MB]
aggregating ufs_b33 20111101 icetk
cdo(2) daymean: Process started
cdo(3) shifttime: Process started
cdo(3) shifttime: Processed 9122400 values from 1 variable over 140 timesteps
cdo(2) daymean: Processed 9122400 values from 1 variable over 140 timesteps
cdo shifttime: Processed 2280600 values from 1 variable over 35 timesteps [0.11s 54MB]
aggregating ufs_b33 20111115 icetk
cdo(2) daymean: Process started
cdo(3) shifttime: Process started
cdo(3) shifttime: Processed 9122400 values from 1 variable over 140 timesteps
cdo(2) daymean: Processed 9122400 values from 1 variable over 140 timesteps
cdo shifttime: Processed 2280600 values from 1 variable over 35 timesteps [0.11s 54MB]
aggregating ufs_b33 20111201 icetk
cdo(2) daymean: Process started
cdo(3) shifttime: Process started
cdo(3) shifttime: Processed 9122400 values from 1 variable over 140 timesteps
cdo(2) daymean: Processed 9122400 values from 1 variable over 140 timesteps
cdo shifttime: Processed 2280600 values from 1 variable over 35 timesteps [0.14s 54MB]
aggregating ufs_b33 20111215 icetk
cdo(2) daymean: Process started
cdo(3) shifttime: Process started
cdo(3) shifttime: Processed 9122400 values from 1 variable over 140 timesteps
cdo(2) daymean: Processed 9122400 values from 1 variable over 140 timesteps
cdo shifttime: Processed 2280600 values from 1 variable over 35 timesteps [0.16s 54MB]
aggregating ufs_b33 20120101 icetk
cdo(2) daymean: Process started
cdo(3) shifttime: Process started
cdo(3) shifttime: Processed 9122400 values from 1 variable over 140 timesteps
cdo(2) daymean: Processed 9122400 values from 1 variable over 140 timesteps
cdo shifttime: Processed 2280600 values from 1 variable over 35 timesteps [0.11s 54MB]
aggregating ufs_b33 20120115 icetk
cdo(2) daymean: Process started
cdo(3) shifttime: Process started
cdo(3) shifttime: Processed 9122400 values from 1 variable over 140 timesteps
cdo(2) daymean: Processed 9122400 values from 1 variable over 140 timesteps
cdo shifttime: Processed 2280600 values from 1 variable over 35 timesteps [0.15s 54MB]
aggregating ufs_b33 20120201 icetk
cdo(2) daymean: Process started
cdo(3) shifttime: Process started
cdo(3) shifttime: Processed 9122400 values from 1 variable over 140 timesteps
cdo(2) daymean: Processed 9122400 values from 1 variable over 140 timesteps
cdo shifttime: Processed 2280600 values from 1 variable over 35 timesteps [0.11s 54MB]
aggregating ufs_b33 20120215 icetk
cdo(2) daymean: Process started
cdo(3) shifttime: Process started
cdo(3) shifttime: Processed 9122400 values from 1 variable over 140 timesteps
cdo(2) daymean: Processed 9122400 values from 1 variable over 140 timesteps
cdo shifttime: Processed 2280600 values from 1 variable over 35 timesteps [0.11s 54MB]
aggregating ufs_b33 20120301 icetk
cdo(2) daymean: Process started
cdo(3) shifttime: Process started
cdo(3) shifttime: Processed 9122400 values from 1 variable over 140 timesteps
cdo(2) daymean: Processed 9122400 values from 1 variable over 140 timesteps
cdo shifttime: Processed 2280600 values from 1 variable over 35 timesteps [0.14s 54MB]
aggregating ufs_b33 20120315 icetk
cdo(2) daymean: Process started
cdo(3) shifttime: Process started
cdo(3) shifttime: Processed 9122400 values from 1 variable over 140 timesteps
cdo(2) daymean: Processed 9122400 values from 1 variable over 140 timesteps
cdo shifttime: Processed 2280600 values from 1 variable over 35 timesteps [0.16s 54MB]
aggregating ufs_b33 20120401 icetk
cdo(2) daymean: Process started
cdo(3) shifttime: Process started
cdo(3) shifttime: Processed 9122400 values from 1 variable over 140 timesteps
cdo(2) daymean: Processed 9122400 values from 1 variable over 140 timesteps
cdo shifttime: Processed 2280600 values from 1 variable over 35 timesteps [0.11s 54MB]
aggregating ufs_b33 20120415 icetk
cdo(2) daymean: Process started
cdo(3) shifttime: Process started
cdo(3) shifttime: Processed 9122400 values from 1 variable over 140 timesteps
cdo(2) daymean: Processed 9122400 values from 1 variable over 140 timesteps
cdo shifttime: Processed 2280600 values from 1 variable over 35 timesteps [0.12s 54MB]
aggregating ufs_b33 20120501 icetk
cdo(2) daymean: Process started
cdo(3) shifttime: Process started
cdo(3) shifttime: Processed 9122400 values from 1 variable over 140 timesteps
cdo(2) daymean: Processed 9122400 values from 1 variable over 140 timesteps
cdo shifttime: Processed 2280600 values from 1 variable over 35 timesteps [0.14s 54MB]
aggregating ufs_b33 20120515 icetk
cdo(2) daymean: Process started
cdo(3) shifttime: Process started
cdo(3) shifttime: Processed 9122400 values from 1 variable over 140 timesteps
cdo(2) daymean: Processed 9122400 values from 1 variable over 140 timesteps
cdo shifttime: Processed 2280600 values from 1 variable over 35 timesteps [0.16s 54MB]
aggregating ufs_b33 20120601 icetk
cdo(2) daymean: Process started
cdo(3) shifttime: Process started
cdo(3) shifttime: Processed 9122400 values from 1 variable over 140 timesteps
cdo(2) daymean: Processed 9122400 values from 1 variable over 140 timesteps
cdo shifttime: Processed 2280600 values from 1 variable over 35 timesteps [0.14s 54MB]
aggregating ufs_b33 20120615 icetk
cdo(2) daymean: Process started
cdo(3) shifttime: Process started
cdo(3) shifttime: Processed 9122400 values from 1 variable over 140 timesteps
cdo(2) daymean: Processed 9122400 values from 1 variable over 140 timesteps
cdo shifttime: Processed 2280600 values from 1 variable over 35 timesteps [0.12s 54MB]
aggregating ufs_b33 20120701 icetk
cdo(2) daymean: Process started
cdo(3) shifttime: Process started
cdo(3) shifttime: Processed 9122400 values from 1 variable over 140 timesteps
cdo(2) daymean: Processed 9122400 values from 1 variable over 140 timesteps
cdo shifttime: Processed 2280600 values from 1 variable over 35 timesteps [0.11s 54MB]
aggregating ufs_b33 20120715 icetk
cdo(2) daymean: Process started
cdo(3) shifttime: Process started
cdo(3) shifttime: Processed 9122400 values from 1 variable over 140 timesteps
cdo(2) daymean: Processed 9122400 values from 1 variable over 140 timesteps
cdo shifttime: Processed 2280600 values from 1 variable over 35 timesteps [0.12s 54MB]
aggregating ufs_b33 20120801 icetk
cdo(2) daymean: Process started
cdo(3) shifttime: Process started
cdo(3) shifttime: Processed 9122400 values from 1 variable over 140 timesteps
cdo(2) daymean: Processed 9122400 values from 1 variable over 140 timesteps
cdo shifttime: Processed 2280600 values from 1 variable over 35 timesteps [0.12s 54MB]
aggregating ufs_b33 20120815 icetk
cdo(2) daymean: Process started
cdo(3) shifttime: Process started
cdo(3) shifttime: Processed 9122400 values from 1 variable over 140 timesteps
cdo(2) daymean: Processed 9122400 values from 1 variable over 140 timesteps
cdo shifttime: Processed 2280600 values from 1 variable over 35 timesteps [0.10s 54MB]
aggregating ufs_b33 20120901 icetk
cdo(2) daymean: Process started
cdo(3) shifttime: Process started
cdo(3) shifttime: Processed 9122400 values from 1 variable over 140 timesteps
cdo(2) daymean: Processed 9122400 values from 1 variable over 140 timesteps
cdo shifttime: Processed 2280600 values from 1 variable over 35 timesteps [0.11s 54MB]
aggregating ufs_b33 20120915 icetk
cdo(2) daymean: Process started
cdo(3) shifttime: Process started
cdo(3) shifttime: Processed 9122400 values from 1 variable over 140 timesteps
cdo(2) daymean: Processed 9122400 values from 1 variable over 140 timesteps
cdo shifttime: Processed 2280600 values from 1 variable over 35 timesteps [0.11s 54MB]
aggregating ufs_b33 20121001 icetk
cdo(2) daymean: Process started
cdo(3) shifttime: Process started
cdo(3) shifttime: Processed 9122400 values from 1 variable over 140 timesteps
cdo(2) daymean: Processed 9122400 values from 1 variable over 140 timesteps
cdo shifttime: Processed 2280600 values from 1 variable over 35 timesteps [0.11s 54MB]
aggregating ufs_b33 20121015 icetk
cdo(2) daymean: Process started
cdo(3) shifttime: Process started
cdo(3) shifttime: Processed 9122400 values from 1 variable over 140 timesteps
cdo(2) daymean: Processed 9122400 values from 1 variable over 140 timesteps
cdo shifttime: Processed 2280600 values from 1 variable over 35 timesteps [0.14s 54MB]
aggregating ufs_b33 20121101 icetk
cdo(2) daymean: Process started
cdo(3) shifttime: Process started
cdo(3) shifttime: Processed 9122400 values from 1 variable over 140 timesteps
cdo(2) daymean: Processed 9122400 values from 1 variable over 140 timesteps
cdo shifttime: Processed 2280600 values from 1 variable over 35 timesteps [0.14s 54MB]
aggregating ufs_b33 20121115 icetk
cdo(2) daymean: Process started
cdo(3) shifttime: Process started
cdo(3) shifttime: Processed 9122400 values from 1 variable over 140 timesteps
cdo(2) daymean: Processed 9122400 values from 1 variable over 140 timesteps
cdo shifttime: Processed 2280600 values from 1 variable over 35 timesteps [0.16s 54MB]
aggregating ufs_b33 20121201 icetk
cdo(2) daymean: Process started
cdo(3) shifttime: Process started
cdo(3) shifttime: Processed 9122400 values from 1 variable over 140 timesteps
cdo(2) daymean: Processed 9122400 values from 1 variable over 140 timesteps
cdo shifttime: Processed 2280600 values from 1 variable over 35 timesteps [0.14s 54MB]
aggregating ufs_b33 20121215 icetk
cdo(2) daymean: Process started
cdo(3) shifttime: Process started
cdo(3) shifttime: Processed 9122400 values from 1 variable over 140 timesteps
cdo(2) daymean: Processed 9122400 values from 1 variable over 140 timesteps
cdo shifttime: Processed 2280600 values from 1 variable over 35 timesteps [0.16s 54MB]
aggregating ufs_b33 20130101 icetk
cdo(2) daymean: Process started
cdo(3) shifttime: Process started
cdo(3) shifttime: Processed 9122400 values from 1 variable over 140 timesteps
cdo(2) daymean: Processed 9122400 values from 1 variable over 140 timesteps
cdo shifttime: Processed 2280600 values from 1 variable over 35 timesteps [0.11s 54MB]
aggregating ufs_b33 20130115 icetk
cdo(2) daymean: Process started
cdo(3) shifttime: Process started
cdo(3) shifttime: Processed 9122400 values from 1 variable over 140 timesteps
cdo(2) daymean: Processed 9122400 values from 1 variable over 140 timesteps
cdo shifttime: Processed 2280600 values from 1 variable over 35 timesteps [0.14s 54MB]
aggregating ufs_b33 20130201 icetk
cdo(2) daymean: Process started
cdo(3) shifttime: Process started
cdo(3) shifttime: Processed 9122400 values from 1 variable over 140 timesteps
cdo(2) daymean: Processed 9122400 values from 1 variable over 140 timesteps
cdo shifttime: Processed 2280600 values from 1 variable over 35 timesteps [0.12s 54MB]
aggregating ufs_b33 20130215 icetk
cdo(2) daymean: Process started
cdo(3) shifttime: Process started
cdo(3) shifttime: Processed 9122400 values from 1 variable over 140 timesteps
cdo(2) daymean: Processed 9122400 values from 1 variable over 140 timesteps
cdo shifttime: Processed 2280600 values from 1 variable over 35 timesteps [0.11s 54MB]
aggregating ufs_b33 20130301 icetk
cdo(2) daymean: Process started
cdo(3) shifttime: Process started
cdo(3) shifttime: Processed 9122400 values from 1 variable over 140 timesteps
cdo(2) daymean: Processed 9122400 values from 1 variable over 140 timesteps
cdo shifttime: Processed 2280600 values from 1 variable over 35 timesteps [0.11s 54MB]
aggregating ufs_b33 20130315 icetk
cdo(2) daymean: Process started
cdo(3) shifttime: Process started
cdo(3) shifttime: Processed 9122400 values from 1 variable over 140 timesteps
cdo(2) daymean: Processed 9122400 values from 1 variable over 140 timesteps
cdo shifttime: Processed 2280600 values from 1 variable over 35 timesteps [0.12s 54MB]
aggregating ufs_b33 20130401 icetk
cdo(2) daymean: Process started
cdo(3) shifttime: Process started
cdo(3) shifttime: Processed 9122400 values from 1 variable over 140 timesteps
cdo(2) daymean: Processed 9122400 values from 1 variable over 140 timesteps
cdo shifttime: Processed 2280600 values from 1 variable over 35 timesteps [0.12s 54MB]
aggregating ufs_b33 20130415 icetk
cdo(2) daymean: Process started
cdo(3) shifttime: Process started
cdo(3) shifttime: Processed 9122400 values from 1 variable over 140 timesteps
cdo(2) daymean: Processed 9122400 values from 1 variable over 140 timesteps
cdo shifttime: Processed 2280600 values from 1 variable over 35 timesteps [0.10s 54MB]
aggregating ufs_b33 20130501 icetk
cdo(2) daymean: Process started
cdo(3) shifttime: Process started
cdo(3) shifttime: Processed 9122400 values from 1 variable over 140 timesteps
cdo(2) daymean: Processed 9122400 values from 1 variable over 140 timesteps
cdo shifttime: Processed 2280600 values from 1 variable over 35 timesteps [0.16s 54MB]
aggregating ufs_b33 20130515 icetk
cdo(2) daymean: Process started
cdo(3) shifttime: Process started
cdo(3) shifttime: Processed 9122400 values from 1 variable over 140 timesteps
cdo(2) daymean: Processed 9122400 values from 1 variable over 140 timesteps
cdo shifttime: Processed 2280600 values from 1 variable over 35 timesteps [0.12s 54MB]
aggregating ufs_b33 20130601 icetk
cdo(2) daymean: Process started
cdo(3) shifttime: Process started
cdo(3) shifttime: Processed 9122400 values from 1 variable over 140 timesteps
cdo(2) daymean: Processed 9122400 values from 1 variable over 140 timesteps
cdo shifttime: Processed 2280600 values from 1 variable over 35 timesteps [0.13s 54MB]
aggregating ufs_b33 20130615 icetk
cdo(2) daymean: Process started
cdo(3) shifttime: Process started
cdo(3) shifttime: Processed 9122400 values from 1 variable over 140 timesteps
cdo(2) daymean: Processed 9122400 values from 1 variable over 140 timesteps
cdo shifttime: Processed 2280600 values from 1 variable over 35 timesteps [0.13s 54MB]
aggregating ufs_b33 20130701 icetk
cdo(2) daymean: Process started
cdo(3) shifttime: Process started
cdo(3) shifttime: Processed 9122400 values from 1 variable over 140 timesteps
cdo(2) daymean: Processed 9122400 values from 1 variable over 140 timesteps
cdo shifttime: Processed 2280600 values from 1 variable over 35 timesteps [0.15s 54MB]
aggregating ufs_b33 20130715 icetk
cdo(2) daymean: Process started
cdo(3) shifttime: Process started
cdo(3) shifttime: Processed 9122400 values from 1 variable over 140 timesteps
cdo(2) daymean: Processed 9122400 values from 1 variable over 140 timesteps
cdo shifttime: Processed 2280600 values from 1 variable over 35 timesteps [0.10s 54MB]
aggregating ufs_b33 20130801 icetk
cdo(2) daymean: Process started
cdo(3) shifttime: Process started
cdo(3) shifttime: Processed 9122400 values from 1 variable over 140 timesteps
cdo(2) daymean: Processed 9122400 values from 1 variable over 140 timesteps
cdo shifttime: Processed 2280600 values from 1 variable over 35 timesteps [0.11s 54MB]
aggregating ufs_b33 20130815 icetk
cdo(2) daymean: Process started
cdo(3) shifttime: Process started
cdo(3) shifttime: Processed 9122400 values from 1 variable over 140 timesteps
cdo(2) daymean: Processed 9122400 values from 1 variable over 140 timesteps
cdo shifttime: Processed 2280600 values from 1 variable over 35 timesteps [0.11s 54MB]
aggregating ufs_b33 20130901 icetk
cdo(2) daymean: Process started
cdo(3) shifttime: Process started
cdo(3) shifttime: Processed 9122400 values from 1 variable over 140 timesteps
cdo(2) daymean: Processed 9122400 values from 1 variable over 140 timesteps
cdo shifttime: Processed 2280600 values from 1 variable over 35 timesteps [0.12s 54MB]
aggregating ufs_b33 20130915 icetk
cdo(2) daymean: Process started
cdo(3) shifttime: Process started
cdo(3) shifttime: Processed 9122400 values from 1 variable over 140 timesteps
cdo(2) daymean: Processed 9122400 values from 1 variable over 140 timesteps
cdo shifttime: Processed 2280600 values from 1 variable over 35 timesteps [0.15s 54MB]
aggregating ufs_b33 20131001 icetk
cdo(2) daymean: Process started
cdo(3) shifttime: Process started
cdo(3) shifttime: Processed 9122400 values from 1 variable over 140 timesteps
cdo(2) daymean: Processed 9122400 values from 1 variable over 140 timesteps
cdo shifttime: Processed 2280600 values from 1 variable over 35 timesteps [0.11s 54MB]
aggregating ufs_b33 20131015 icetk
cdo(2) daymean: Process started
cdo(3) shifttime: Process started
cdo(3) shifttime: Processed 9122400 values from 1 variable over 140 timesteps
cdo(2) daymean: Processed 9122400 values from 1 variable over 140 timesteps
cdo shifttime: Processed 2280600 values from 1 variable over 35 timesteps [0.13s 54MB]
aggregating ufs_b33 20131101 icetk
cdo(2) daymean: Process started
cdo(3) shifttime: Process started
cdo(3) shifttime: Processed 9122400 values from 1 variable over 140 timesteps
cdo(2) daymean: Processed 9122400 values from 1 variable over 140 timesteps
cdo shifttime: Processed 2280600 values from 1 variable over 35 timesteps [0.16s 54MB]
aggregating ufs_b33 20131115 icetk
cdo(2) daymean: Process started
cdo(3) shifttime: Process started
cdo(3) shifttime: Processed 9122400 values from 1 variable over 140 timesteps
cdo(2) daymean: Processed 9122400 values from 1 variable over 140 timesteps
cdo shifttime: Processed 2280600 values from 1 variable over 35 timesteps [0.12s 54MB]
aggregating ufs_b33 20131201 icetk
cdo(2) daymean: Process started
cdo(3) shifttime: Process started
cdo(3) shifttime: Processed 9122400 values from 1 variable over 140 timesteps
cdo(2) daymean: Processed 9122400 values from 1 variable over 140 timesteps
cdo shifttime: Processed 2280600 values from 1 variable over 35 timesteps [0.14s 54MB]
aggregating ufs_b33 20131215 icetk
cdo(2) daymean: Process started
cdo(3) shifttime: Process started
cdo(3) shifttime: Processed 9122400 values from 1 variable over 140 timesteps
cdo(2) daymean: Processed 9122400 values from 1 variable over 140 timesteps
cdo shifttime: Processed 2280600 values from 1 variable over 35 timesteps [0.11s 54MB]
aggregating ufs_b33 20140101 icetk
cdo(2) daymean: Process started
cdo(3) shifttime: Process started
cdo(3) shifttime: Processed 9122400 values from 1 variable over 140 timesteps
cdo(2) daymean: Processed 9122400 values from 1 variable over 140 timesteps
cdo shifttime: Processed 2280600 values from 1 variable over 35 timesteps [0.11s 54MB]
aggregating ufs_b33 20140115 icetk
cdo(2) daymean: Process started
cdo(3) shifttime: Process started
cdo(3) shifttime: Processed 9122400 values from 1 variable over 140 timesteps
cdo(2) daymean: Processed 9122400 values from 1 variable over 140 timesteps
cdo shifttime: Processed 2280600 values from 1 variable over 35 timesteps [0.12s 54MB]
aggregating ufs_b33 20140201 icetk
cdo(2) daymean: Process started
cdo(3) shifttime: Process started
cdo(3) shifttime: Processed 9122400 values from 1 variable over 140 timesteps
cdo(2) daymean: Processed 9122400 values from 1 variable over 140 timesteps
cdo shifttime: Processed 2280600 values from 1 variable over 35 timesteps [0.11s 54MB]
aggregating ufs_b33 20140215 icetk
cdo(2) daymean: Process started
cdo(3) shifttime: Process started
cdo(3) shifttime: Processed 9122400 values from 1 variable over 140 timesteps
cdo(2) daymean: Processed 9122400 values from 1 variable over 140 timesteps
cdo shifttime: Processed 2280600 values from 1 variable over 35 timesteps [0.11s 54MB]
aggregating ufs_b33 20140301 icetk
cdo(2) daymean: Process started
cdo(3) shifttime: Process started
cdo(3) shifttime: Processed 9122400 values from 1 variable over 140 timesteps
cdo(2) daymean: Processed 9122400 values from 1 variable over 140 timesteps
cdo shifttime: Processed 2280600 values from 1 variable over 35 timesteps [0.12s 54MB]
aggregating ufs_b33 20140315 icetk
cdo(2) daymean: Process started
cdo(3) shifttime: Process started
cdo(3) shifttime: Processed 9122400 values from 1 variable over 140 timesteps
cdo(2) daymean: Processed 9122400 values from 1 variable over 140 timesteps
cdo shifttime: Processed 2280600 values from 1 variable over 35 timesteps [0.15s 54MB]
aggregating ufs_b33 20140401 icetk
cdo(2) daymean: Process started
cdo(3) shifttime: Process started
cdo(3) shifttime: Processed 9122400 values from 1 variable over 140 timesteps
cdo(2) daymean: Processed 9122400 values from 1 variable over 140 timesteps
cdo shifttime: Processed 2280600 values from 1 variable over 35 timesteps [0.11s 54MB]
aggregating ufs_b33 20140415 icetk
cdo(2) daymean: Process started
cdo(3) shifttime: Process started
cdo(3) shifttime: Processed 9122400 values from 1 variable over 140 timesteps
cdo(2) daymean: Processed 9122400 values from 1 variable over 140 timesteps
cdo shifttime: Processed 2280600 values from 1 variable over 35 timesteps [0.11s 54MB]
aggregating ufs_b33 20140501 icetk
cdo(2) daymean: Process started
cdo(3) shifttime: Process started
cdo(3) shifttime: Processed 9122400 values from 1 variable over 140 timesteps
cdo(2) daymean: Processed 9122400 values from 1 variable over 140 timesteps
cdo shifttime: Processed 2280600 values from 1 variable over 35 timesteps [0.11s 54MB]
aggregating ufs_b33 20140515 icetk
cdo(2) daymean: Process started
cdo(3) shifttime: Process started
cdo(3) shifttime: Processed 9122400 values from 1 variable over 140 timesteps
cdo(2) daymean: Processed 9122400 values from 1 variable over 140 timesteps
cdo shifttime: Processed 2280600 values from 1 variable over 35 timesteps [0.11s 54MB]
aggregating ufs_b33 20140601 icetk
cdo(2) daymean: Process started
cdo(3) shifttime: Process started
cdo(3) shifttime: Processed 9122400 values from 1 variable over 140 timesteps
cdo(2) daymean: Processed 9122400 values from 1 variable over 140 timesteps
cdo shifttime: Processed 2280600 values from 1 variable over 35 timesteps [0.11s 54MB]
aggregating ufs_b33 20140615 icetk
cdo(2) daymean: Process started
cdo(3) shifttime: Process started
cdo(3) shifttime: Processed 9122400 values from 1 variable over 140 timesteps
cdo(2) daymean: Processed 9122400 values from 1 variable over 140 timesteps
cdo shifttime: Processed 2280600 values from 1 variable over 35 timesteps [0.17s 54MB]
aggregating ufs_b33 20140701 icetk
cdo(2) daymean: Process started
cdo(3) shifttime: Process started
cdo(3) shifttime: Processed 9122400 values from 1 variable over 140 timesteps
cdo(2) daymean: Processed 9122400 values from 1 variable over 140 timesteps
cdo shifttime: Processed 2280600 values from 1 variable over 35 timesteps [0.11s 54MB]
aggregating ufs_b33 20140715 icetk
cdo(2) daymean: Process started
cdo(3) shifttime: Process started
cdo(3) shifttime: Processed 9122400 values from 1 variable over 140 timesteps
cdo(2) daymean: Processed 9122400 values from 1 variable over 140 timesteps
cdo shifttime: Processed 2280600 values from 1 variable over 35 timesteps [0.11s 54MB]
aggregating ufs_b33 20140801 icetk
cdo(2) daymean: Process started
cdo(3) shifttime: Process started
cdo(3) shifttime: Processed 9122400 values from 1 variable over 140 timesteps
cdo(2) daymean: Processed 9122400 values from 1 variable over 140 timesteps
cdo shifttime: Processed 2280600 values from 1 variable over 35 timesteps [0.12s 54MB]
aggregating ufs_b33 20140815 icetk
cdo(2) daymean: Process started
cdo(3) shifttime: Process started
cdo(3) shifttime: Processed 9122400 values from 1 variable over 140 timesteps
cdo(2) daymean: Processed 9122400 values from 1 variable over 140 timesteps
cdo shifttime: Processed 2280600 values from 1 variable over 35 timesteps [0.11s 54MB]
aggregating ufs_b33 20140901 icetk
cdo(2) daymean: Process started
cdo(3) shifttime: Process started
cdo(3) shifttime: Processed 9122400 values from 1 variable over 140 timesteps
cdo(2) daymean: Processed 9122400 values from 1 variable over 140 timesteps
cdo shifttime: Processed 2280600 values from 1 variable over 35 timesteps [0.11s 54MB]
aggregating ufs_b33 20140915 icetk
cdo(2) daymean: Process started
cdo(3) shifttime: Process started
cdo(3) shifttime: Processed 9122400 values from 1 variable over 140 timesteps
cdo(2) daymean: Processed 9122400 values from 1 variable over 140 timesteps
cdo shifttime: Processed 2280600 values from 1 variable over 35 timesteps [0.11s 54MB]
aggregating ufs_b33 20141001 icetk
cdo(2) daymean: Process started
cdo(3) shifttime: Process started
cdo(3) shifttime: Processed 9122400 values from 1 variable over 140 timesteps
cdo(2) daymean: Processed 9122400 values from 1 variable over 140 timesteps
cdo shifttime: Processed 2280600 values from 1 variable over 35 timesteps [0.12s 54MB]
aggregating ufs_b33 20141015 icetk
cdo(2) daymean: Process started
cdo(3) shifttime: Process started
cdo(3) shifttime: Processed 9122400 values from 1 variable over 140 timesteps
cdo(2) daymean: Processed 9122400 values from 1 variable over 140 timesteps
cdo shifttime: Processed 2280600 values from 1 variable over 35 timesteps [0.12s 54MB]
aggregating ufs_b33 20141101 icetk
cdo(2) daymean: Process started
cdo(3) shifttime: Process started
cdo(3) shifttime: Processed 9122400 values from 1 variable over 140 timesteps
cdo(2) daymean: Processed 9122400 values from 1 variable over 140 timesteps
cdo shifttime: Processed 2280600 values from 1 variable over 35 timesteps [0.15s 54MB]
aggregating ufs_b33 20141115 icetk
cdo(2) daymean: Process started
cdo(3) shifttime: Process started
cdo(3) shifttime: Processed 9122400 values from 1 variable over 140 timesteps
cdo(2) daymean: Processed 9122400 values from 1 variable over 140 timesteps
cdo shifttime: Processed 2280600 values from 1 variable over 35 timesteps [0.12s 54MB]
aggregating ufs_b33 20141201 icetk
cdo(2) daymean: Process started
cdo(3) shifttime: Process started
cdo(3) shifttime: Processed 9122400 values from 1 variable over 140 timesteps
cdo(2) daymean: Processed 9122400 values from 1 variable over 140 timesteps
cdo shifttime: Processed 2280600 values from 1 variable over 35 timesteps [0.16s 54MB]
aggregating ufs_b33 20141215 icetk
cdo(2) daymean: Process started
cdo(3) shifttime: Process started
cdo(3) shifttime: Processed 9122400 values from 1 variable over 140 timesteps
cdo(2) daymean: Processed 9122400 values from 1 variable over 140 timesteps
cdo shifttime: Processed 2280600 values from 1 variable over 35 timesteps [0.15s 54MB]
aggregating ufs_b33 20150101 icetk
cdo(2) daymean: Process started
cdo(3) shifttime: Process started
cdo(3) shifttime: Processed 9122400 values from 1 variable over 140 timesteps
cdo(2) daymean: Processed 9122400 values from 1 variable over 140 timesteps
cdo shifttime: Processed 2280600 values from 1 variable over 35 timesteps [0.11s 54MB]
aggregating ufs_b33 20150115 icetk
cdo(2) daymean: Process started
cdo(3) shifttime: Process started
cdo(3) shifttime: Processed 9122400 values from 1 variable over 140 timesteps
cdo(2) daymean: Processed 9122400 values from 1 variable over 140 timesteps
cdo shifttime: Processed 2280600 values from 1 variable over 35 timesteps [0.11s 54MB]
aggregating ufs_b33 20150201 icetk
cdo(2) daymean: Process started
cdo(3) shifttime: Process started
cdo(3) shifttime: Processed 9122400 values from 1 variable over 140 timesteps
cdo(2) daymean: Processed 9122400 values from 1 variable over 140 timesteps
cdo shifttime: Processed 2280600 values from 1 variable over 35 timesteps [0.16s 54MB]
aggregating ufs_b33 20150215 icetk
cdo(2) daymean: Process started
cdo(3) shifttime: Process started
cdo(3) shifttime: Processed 9122400 values from 1 variable over 140 timesteps
cdo(2) daymean: Processed 9122400 values from 1 variable over 140 timesteps
cdo shifttime: Processed 2280600 values from 1 variable over 35 timesteps [0.15s 54MB]
aggregating ufs_b33 20150301 icetk
cdo(2) daymean: Process started
cdo(3) shifttime: Process started
cdo(3) shifttime: Processed 9122400 values from 1 variable over 140 timesteps
cdo(2) daymean: Processed 9122400 values from 1 variable over 140 timesteps
cdo shifttime: Processed 2280600 values from 1 variable over 35 timesteps [0.15s 54MB]
aggregating ufs_b33 20150315 icetk
cdo(2) daymean: Process started
cdo(3) shifttime: Process started
cdo(3) shifttime: Processed 9122400 values from 1 variable over 140 timesteps
cdo(2) daymean: Processed 9122400 values from 1 variable over 140 timesteps
cdo shifttime: Processed 2280600 values from 1 variable over 35 timesteps [0.12s 54MB]
aggregating ufs_b33 20150401 icetk
cdo(2) daymean: Process started
cdo(3) shifttime: Process started
cdo(3) shifttime: Processed 9122400 values from 1 variable over 140 timesteps
cdo(2) daymean: Processed 9122400 values from 1 variable over 140 timesteps
cdo shifttime: Processed 2280600 values from 1 variable over 35 timesteps [0.11s 54MB]
aggregating ufs_b33 20150415 icetk
cdo(2) daymean: Process started
cdo(3) shifttime: Process started
cdo(3) shifttime: Processed 9122400 values from 1 variable over 140 timesteps
cdo(2) daymean: Processed 9122400 values from 1 variable over 140 timesteps
cdo shifttime: Processed 2280600 values from 1 variable over 35 timesteps [0.14s 54MB]
aggregating ufs_b33 20150501 icetk
cdo(2) daymean: Process started
cdo(3) shifttime: Process started
cdo(3) shifttime: Processed 9122400 values from 1 variable over 140 timesteps
cdo(2) daymean: Processed 9122400 values from 1 variable over 140 timesteps
cdo shifttime: Processed 2280600 values from 1 variable over 35 timesteps [0.12s 54MB]
aggregating ufs_b33 20150515 icetk
cdo(2) daymean: Process started
cdo(3) shifttime: Process started
cdo(3) shifttime: Processed 9122400 values from 1 variable over 140 timesteps
cdo(2) daymean: Processed 9122400 values from 1 variable over 140 timesteps
cdo shifttime: Processed 2280600 values from 1 variable over 35 timesteps [0.11s 54MB]
aggregating ufs_b33 20150601 icetk
cdo(2) daymean: Process started
cdo(3) shifttime: Process started
cdo(3) shifttime: Processed 9122400 values from 1 variable over 140 timesteps
cdo(2) daymean: Processed 9122400 values from 1 variable over 140 timesteps
cdo shifttime: Processed 2280600 values from 1 variable over 35 timesteps [0.15s 54MB]
aggregating ufs_b33 20150615 icetk
cdo(2) daymean: Process started
cdo(3) shifttime: Process started
cdo(3) shifttime: Processed 9122400 values from 1 variable over 140 timesteps
cdo(2) daymean: Processed 9122400 values from 1 variable over 140 timesteps
cdo shifttime: Processed 2280600 values from 1 variable over 35 timesteps [0.11s 54MB]
aggregating ufs_b33 20150701 icetk
cdo(2) daymean: Process started
cdo(3) shifttime: Process started
cdo(3) shifttime: Processed 9122400 values from 1 variable over 140 timesteps
cdo(2) daymean: Processed 9122400 values from 1 variable over 140 timesteps
cdo shifttime: Processed 2280600 values from 1 variable over 35 timesteps [0.16s 54MB]
aggregating ufs_b33 20150715 icetk
cdo(2) daymean: Process started
cdo(3) shifttime: Process started
cdo(3) shifttime: Processed 9122400 values from 1 variable over 140 timesteps
cdo(2) daymean: Processed 9122400 values from 1 variable over 140 timesteps
cdo shifttime: Processed 2280600 values from 1 variable over 35 timesteps [0.11s 54MB]
aggregating ufs_b33 20150801 icetk
cdo(2) daymean: Process started
cdo(3) shifttime: Process started
cdo(3) shifttime: Processed 9122400 values from 1 variable over 140 timesteps
cdo(2) daymean: Processed 9122400 values from 1 variable over 140 timesteps
cdo shifttime: Processed 2280600 values from 1 variable over 35 timesteps [0.14s 54MB]
aggregating ufs_b33 20150815 icetk
cdo(2) daymean: Process started
cdo(3) shifttime: Process started
cdo(3) shifttime: Processed 9122400 values from 1 variable over 140 timesteps
cdo(2) daymean: Processed 9122400 values from 1 variable over 140 timesteps
cdo shifttime: Processed 2280600 values from 1 variable over 35 timesteps [0.14s 54MB]
aggregating ufs_b33 20150901 icetk
cdo(2) daymean: Process started
cdo(3) shifttime: Process started
cdo(3) shifttime: Processed 9122400 values from 1 variable over 140 timesteps
cdo(2) daymean: Processed 9122400 values from 1 variable over 140 timesteps
cdo shifttime: Processed 2280600 values from 1 variable over 35 timesteps [0.16s 54MB]
aggregating ufs_b33 20150915 icetk
cdo(2) daymean: Process started
cdo(3) shifttime: Process started
cdo(3) shifttime: Processed 9122400 values from 1 variable over 140 timesteps
cdo(2) daymean: Processed 9122400 values from 1 variable over 140 timesteps
cdo shifttime: Processed 2280600 values from 1 variable over 35 timesteps [0.11s 54MB]
aggregating ufs_b33 20151001 icetk
cdo(2) daymean: Process started
cdo(3) shifttime: Process started
cdo(3) shifttime: Processed 9122400 values from 1 variable over 140 timesteps
cdo(2) daymean: Processed 9122400 values from 1 variable over 140 timesteps
cdo shifttime: Processed 2280600 values from 1 variable over 35 timesteps [0.13s 54MB]
aggregating ufs_b33 20151015 icetk
cdo(2) daymean: Process started
cdo(3) shifttime: Process started
cdo(3) shifttime: Processed 9122400 values from 1 variable over 140 timesteps
cdo(2) daymean: Processed 9122400 values from 1 variable over 140 timesteps
cdo shifttime: Processed 2280600 values from 1 variable over 35 timesteps [0.12s 54MB]
aggregating ufs_b33 20151101 icetk
cdo(2) daymean: Process started
cdo(3) shifttime: Process started
cdo(3) shifttime: Processed 9122400 values from 1 variable over 140 timesteps
cdo(2) daymean: Processed 9122400 values from 1 variable over 140 timesteps
cdo shifttime: Processed 2280600 values from 1 variable over 35 timesteps [0.12s 54MB]
aggregating ufs_b33 20151115 icetk
cdo(2) daymean: Process started
cdo(3) shifttime: Process started
cdo(3) shifttime: Processed 9122400 values from 1 variable over 140 timesteps
cdo(2) daymean: Processed 9122400 values from 1 variable over 140 timesteps
cdo shifttime: Processed 2280600 values from 1 variable over 35 timesteps [0.11s 54MB]
aggregating ufs_b33 20151201 icetk
cdo(2) daymean: Process started
cdo(3) shifttime: Process started
cdo(3) shifttime: Processed 9122400 values from 1 variable over 140 timesteps
cdo(2) daymean: Processed 9122400 values from 1 variable over 140 timesteps
cdo shifttime: Processed 2280600 values from 1 variable over 35 timesteps [0.10s 54MB]
aggregating ufs_b33 20151215 icetk
cdo(2) daymean: Process started
cdo(3) shifttime: Process started
cdo(3) shifttime: Processed 9122400 values from 1 variable over 140 timesteps
cdo(2) daymean: Processed 9122400 values from 1 variable over 140 timesteps
cdo shifttime: Processed 2280600 values from 1 variable over 35 timesteps [0.14s 54MB]
aggregating ufs_b33 20160101 icetk
cdo(2) daymean: Process started
cdo(3) shifttime: Process started
cdo(3) shifttime: Processed 9122400 values from 1 variable over 140 timesteps
cdo(2) daymean: Processed 9122400 values from 1 variable over 140 timesteps
cdo shifttime: Processed 2280600 values from 1 variable over 35 timesteps [0.12s 54MB]
aggregating ufs_b33 20160115 icetk
cdo(2) daymean: Process started
cdo(3) shifttime: Process started
cdo(3) shifttime: Processed 9122400 values from 1 variable over 140 timesteps
cdo(2) daymean: Processed 9122400 values from 1 variable over 140 timesteps
cdo shifttime: Processed 2280600 values from 1 variable over 35 timesteps [0.16s 54MB]
aggregating ufs_b33 20160201 icetk
cdo(2) daymean: Process started
cdo(3) shifttime: Process started
cdo(3) shifttime: Processed 9122400 values from 1 variable over 140 timesteps
cdo(2) daymean: Processed 9122400 values from 1 variable over 140 timesteps
cdo shifttime: Processed 2280600 values from 1 variable over 35 timesteps [0.17s 54MB]
aggregating ufs_b33 20160215 icetk
cdo(2) daymean: Process started
cdo(3) shifttime: Process started
cdo(3) shifttime: Processed 9122400 values from 1 variable over 140 timesteps
cdo(2) daymean: Processed 9122400 values from 1 variable over 140 timesteps
cdo shifttime: Processed 2280600 values from 1 variable over 35 timesteps [0.15s 54MB]
aggregating ufs_b33 20160301 icetk
cdo(2) daymean: Process started
cdo(3) shifttime: Process started
cdo(3) shifttime: Processed 9122400 values from 1 variable over 140 timesteps
cdo(2) daymean: Processed 9122400 values from 1 variable over 140 timesteps
cdo shifttime: Processed 2280600 values from 1 variable over 35 timesteps [0.16s 54MB]
aggregating ufs_b33 20160315 icetk
cdo(2) daymean: Process started
cdo(3) shifttime: Process started
cdo(3) shifttime: Processed 9122400 values from 1 variable over 140 timesteps
cdo(2) daymean: Processed 9122400 values from 1 variable over 140 timesteps
cdo shifttime: Processed 2280600 values from 1 variable over 35 timesteps [0.12s 54MB]
aggregating ufs_b33 20160401 icetk
cdo(2) daymean: Process started
cdo(3) shifttime: Process started
cdo(3) shifttime: Processed 9122400 values from 1 variable over 140 timesteps
cdo(2) daymean: Processed 9122400 values from 1 variable over 140 timesteps
cdo shifttime: Processed 2280600 values from 1 variable over 35 timesteps [0.12s 54MB]
aggregating ufs_b33 20160415 icetk
slurmstepd: error: *** JOB 9006531 ON h12c54 CANCELLED AT 2020-06-23T21:51:14 DUE TO TIME LIMIT ***
_______________________________________________________________
Start Epilog v19.07.23 on node h12c54 for job 9006531 :: Tue Jun 23 21:51:23 UTC 2020
Job 9006531 (not serial) finished for user Lydia.B.Stefanova in partition hera with exit code 0:15
_______________________________________________________________
End Epilogue v19.07.23 Tue Jun 23 21:51:23 UTC 2020
