 indir /scratch1/NCEPDEV/stmp2/Lydia.B.Stefanova/fromHPSS//ufs_b33/2011010100/gfs.20110101/00 does not exist
 indir /scratch1/NCEPDEV/stmp2/Lydia.B.Stefanova/fromHPSS//ufs_b33/2011011500/gfs.20110115/00 does not exist
 indir /scratch1/NCEPDEV/stmp2/Lydia.B.Stefanova/fromHPSS//ufs_b33/2011020100/gfs.20110201/00 does not exist
 indir /scratch1/NCEPDEV/stmp2/Lydia.B.Stefanova/fromHPSS//ufs_b33/2011021500/gfs.20110215/00 does not exist
 indir /scratch1/NCEPDEV/stmp2/Lydia.B.Stefanova/fromHPSS//ufs_b33/2011030100/gfs.20110301/00 does not exist
 indir /scratch1/NCEPDEV/stmp2/Lydia.B.Stefanova/fromHPSS//ufs_b33/2011031500/gfs.20110315/00 does not exist
ufs_b33 20110401 icec already processed
aggregating ufs_b33 20110415 icec
cdo(2) daymean: Process started
cdo(3) shifttime: Process started
cdo(3) shifttime: Processed 9122400 values from 1 variable over 140 timesteps
cdo(2) daymean: Processed 9122400 values from 1 variable over 140 timesteps
cdo shifttime: Processed 2280600 values from 1 variable over 35 timesteps [0.12s 54MB]
aggregating ufs_b33 20110501 icec
cdo(2) daymean: Process started
cdo(3) shifttime: Process started
cdo(3) shifttime: Processed 9122400 values from 1 variable over 140 timesteps
cdo(2) daymean: Processed 9122400 values from 1 variable over 140 timesteps
cdo shifttime: Processed 2280600 values from 1 variable over 35 timesteps [0.12s 54MB]
aggregating ufs_b33 20110515 icec
cdo(2) daymean: Process started
cdo(3) shifttime: Process started
cdo(3) shifttime: Processed 9122400 values from 1 variable over 140 timesteps
cdo(2) daymean: Processed 9122400 values from 1 variable over 140 timesteps
cdo shifttime: Processed 2280600 values from 1 variable over 35 timesteps [0.15s 54MB]
aggregating ufs_b33 20110601 icec
cdo(2) daymean: Process started
cdo(3) shifttime: Process started
cdo(3) shifttime: Processed 9122400 values from 1 variable over 140 timesteps
cdo(2) daymean: Processed 9122400 values from 1 variable over 140 timesteps
cdo shifttime: Processed 2280600 values from 1 variable over 35 timesteps [0.15s 54MB]
aggregating ufs_b33 20110615 icec
cdo(2) daymean: Process started
cdo(3) shifttime: Process started
cdo(3) shifttime: Processed 9122400 values from 1 variable over 140 timesteps
cdo(2) daymean: Processed 9122400 values from 1 variable over 140 timesteps
cdo shifttime: Processed 2280600 values from 1 variable over 35 timesteps [0.11s 54MB]
aggregating ufs_b33 20110701 icec
cdo(2) daymean: Process started
cdo(3) shifttime: Process started
cdo(3) shifttime: Processed 9122400 values from 1 variable over 140 timesteps
cdo(2) daymean: Processed 9122400 values from 1 variable over 140 timesteps
cdo shifttime: Processed 2280600 values from 1 variable over 35 timesteps [0.10s 54MB]
aggregating ufs_b33 20110715 icec
cdo(2) daymean: Process started
cdo(3) shifttime: Process started
cdo(3) shifttime: Processed 9122400 values from 1 variable over 140 timesteps
cdo(2) daymean: Processed 9122400 values from 1 variable over 140 timesteps
cdo shifttime: Processed 2280600 values from 1 variable over 35 timesteps [0.11s 54MB]
aggregating ufs_b33 20110801 icec
cdo(2) daymean: Process started
cdo(3) shifttime: Process started
cdo(3) shifttime: Processed 9122400 values from 1 variable over 140 timesteps
cdo(2) daymean: Processed 9122400 values from 1 variable over 140 timesteps
cdo shifttime: Processed 2280600 values from 1 variable over 35 timesteps [0.11s 54MB]
aggregating ufs_b33 20110815 icec
cdo(2) daymean: Process started
cdo(3) shifttime: Process started
cdo(3) shifttime: Processed 9122400 values from 1 variable over 140 timesteps
cdo(2) daymean: Processed 9122400 values from 1 variable over 140 timesteps
cdo shifttime: Processed 2280600 values from 1 variable over 35 timesteps [0.14s 54MB]
aggregating ufs_b33 20110901 icec
cdo(2) daymean: Process started
cdo(3) shifttime: Process started
cdo(3) shifttime: Processed 9122400 values from 1 variable over 140 timesteps
cdo(2) daymean: Processed 9122400 values from 1 variable over 140 timesteps
cdo shifttime: Processed 2280600 values from 1 variable over 35 timesteps [0.12s 54MB]
aggregating ufs_b33 20110915 icec
cdo(2) daymean: Process started
cdo(3) shifttime: Process started
cdo(3) shifttime: Processed 9122400 values from 1 variable over 140 timesteps
cdo(2) daymean: Processed 9122400 values from 1 variable over 140 timesteps
cdo shifttime: Processed 2280600 values from 1 variable over 35 timesteps [0.16s 54MB]
aggregating ufs_b33 20111001 icec
cdo(2) daymean: Process started
cdo(3) shifttime: Process started
cdo(3) shifttime: Processed 9122400 values from 1 variable over 140 timesteps
cdo(2) daymean: Processed 9122400 values from 1 variable over 140 timesteps
cdo shifttime: Processed 2280600 values from 1 variable over 35 timesteps [0.11s 54MB]
aggregating ufs_b33 20111015 icec
cdo(2) daymean: Process started
cdo(3) shifttime: Process started
cdo(3) shifttime: Processed 9122400 values from 1 variable over 140 timesteps
cdo(2) daymean: Processed 9122400 values from 1 variable over 140 timesteps
cdo shifttime: Processed 2280600 values from 1 variable over 35 timesteps [0.11s 54MB]
aggregating ufs_b33 20111101 icec
cdo(2) daymean: Process started
cdo(3) shifttime: Process started
cdo(3) shifttime: Processed 9122400 values from 1 variable over 140 timesteps
cdo(2) daymean: Processed 9122400 values from 1 variable over 140 timesteps
cdo shifttime: Processed 2280600 values from 1 variable over 35 timesteps [0.12s 54MB]
aggregating ufs_b33 20111115 icec
cdo(2) daymean: Process started
cdo(3) shifttime: Process started
cdo(3) shifttime: Processed 9122400 values from 1 variable over 140 timesteps
cdo(2) daymean: Processed 9122400 values from 1 variable over 140 timesteps
cdo shifttime: Processed 2280600 values from 1 variable over 35 timesteps [0.11s 54MB]
aggregating ufs_b33 20111201 icec
cdo(2) daymean: Process started
cdo(3) shifttime: Process started
cdo(3) shifttime: Processed 9122400 values from 1 variable over 140 timesteps
cdo(2) daymean: Processed 9122400 values from 1 variable over 140 timesteps
cdo shifttime: Processed 2280600 values from 1 variable over 35 timesteps [0.15s 54MB]
aggregating ufs_b33 20111215 icec
cdo(2) daymean: Process started
cdo(3) shifttime: Process started
cdo(3) shifttime: Processed 9122400 values from 1 variable over 140 timesteps
cdo(2) daymean: Processed 9122400 values from 1 variable over 140 timesteps
cdo shifttime: Processed 2280600 values from 1 variable over 35 timesteps [0.11s 54MB]
aggregating ufs_b33 20120101 icec
cdo(2) daymean: Process started
cdo(3) shifttime: Process started
cdo(3) shifttime: Processed 9122400 values from 1 variable over 140 timesteps
cdo(2) daymean: Processed 9122400 values from 1 variable over 140 timesteps
cdo shifttime: Processed 2280600 values from 1 variable over 35 timesteps [0.16s 54MB]
aggregating ufs_b33 20120115 icec
cdo(2) daymean: Process started
cdo(3) shifttime: Process started
cdo(3) shifttime: Processed 9122400 values from 1 variable over 140 timesteps
cdo(2) daymean: Processed 9122400 values from 1 variable over 140 timesteps
cdo shifttime: Processed 2280600 values from 1 variable over 35 timesteps [0.15s 54MB]
aggregating ufs_b33 20120201 icec
cdo(2) daymean: Process started
cdo(3) shifttime: Process started
cdo(3) shifttime: Processed 9122400 values from 1 variable over 140 timesteps
cdo(2) daymean: Processed 9122400 values from 1 variable over 140 timesteps
cdo shifttime: Processed 2280600 values from 1 variable over 35 timesteps [0.12s 54MB]
aggregating ufs_b33 20120215 icec
cdo(2) daymean: Process started
cdo(3) shifttime: Process started
cdo(3) shifttime: Processed 9122400 values from 1 variable over 140 timesteps
cdo(2) daymean: Processed 9122400 values from 1 variable over 140 timesteps
cdo shifttime: Processed 2280600 values from 1 variable over 35 timesteps [0.12s 54MB]
aggregating ufs_b33 20120301 icec
cdo(2) daymean: Process started
cdo(3) shifttime: Process started
cdo(3) shifttime: Processed 9122400 values from 1 variable over 140 timesteps
cdo(2) daymean: Processed 9122400 values from 1 variable over 140 timesteps
cdo shifttime: Processed 2280600 values from 1 variable over 35 timesteps [0.10s 54MB]
aggregating ufs_b33 20120315 icec
cdo(2) daymean: Process started
cdo(3) shifttime: Process started
cdo(3) shifttime: Processed 9122400 values from 1 variable over 140 timesteps
cdo(2) daymean: Processed 9122400 values from 1 variable over 140 timesteps
cdo shifttime: Processed 2280600 values from 1 variable over 35 timesteps [0.12s 56MB]
aggregating ufs_b33 20120401 icec
cdo(2) daymean: Process started
cdo(3) shifttime: Process started
cdo(3) shifttime: Processed 9122400 values from 1 variable over 140 timesteps
cdo(2) daymean: Processed 9122400 values from 1 variable over 140 timesteps
cdo shifttime: Processed 2280600 values from 1 variable over 35 timesteps [0.15s 54MB]
aggregating ufs_b33 20120415 icec
cdo(2) daymean: Process started
cdo(3) shifttime: Process started
cdo(3) shifttime: Processed 9122400 values from 1 variable over 140 timesteps
cdo(2) daymean: Processed 9122400 values from 1 variable over 140 timesteps
cdo shifttime: Processed 2280600 values from 1 variable over 35 timesteps [0.15s 54MB]
aggregating ufs_b33 20120501 icec
slurmstepd: error: *** JOB 9005726 ON h21c27 CANCELLED AT 2020-06-23T20:46:20 ***
_______________________________________________________________
Start Epilog v19.07.23 on node h21c27 for job 9005726 :: Tue Jun 23 20:46:32 UTC 2020
Job 9005726 (not serial) finished for user Lydia.B.Stefanova in partition hera with exit code 0:15
_______________________________________________________________
End Epilogue v19.07.23 Tue Jun 23 20:46:32 UTC 2020
