 indir /scratch1/NCEPDEV/stmp2/Lydia.B.Stefanova/fromHPSS//ufs_b33/2011010100/gfs.20110101/00 does not exist
 indir /scratch1/NCEPDEV/stmp2/Lydia.B.Stefanova/fromHPSS//ufs_b33/2011011500/gfs.20110115/00 does not exist
 indir /scratch1/NCEPDEV/stmp2/Lydia.B.Stefanova/fromHPSS//ufs_b33/2011020100/gfs.20110201/00 does not exist
 indir /scratch1/NCEPDEV/stmp2/Lydia.B.Stefanova/fromHPSS//ufs_b33/2011021500/gfs.20110215/00 does not exist
 indir /scratch1/NCEPDEV/stmp2/Lydia.B.Stefanova/fromHPSS//ufs_b33/2011030100/gfs.20110301/00 does not exist
 indir /scratch1/NCEPDEV/stmp2/Lydia.B.Stefanova/fromHPSS//ufs_b33/2011031500/gfs.20110315/00 does not exist
ufs_b33 20110401 icetk already processed
ufs_b33 20110415 icetk already processed
ufs_b33 20110501 icetk already processed
ufs_b33 20110515 icetk already processed
ufs_b33 20110601 icetk already processed
ufs_b33 20110615 icetk already processed
ufs_b33 20110701 icetk already processed
ufs_b33 20110715 icetk already processed
ufs_b33 20110801 icetk already processed
ufs_b33 20110815 icetk already processed
ufs_b33 20110901 icetk already processed
ufs_b33 20110915 icetk already processed
ufs_b33 20111001 icetk already processed
ufs_b33 20111015 icetk already processed
ufs_b33 20111101 icetk already processed
ufs_b33 20111115 icetk already processed
ufs_b33 20111201 icetk already processed
ufs_b33 20111215 icetk already processed
ufs_b33 20120101 icetk already processed
ufs_b33 20120115 icetk already processed
ufs_b33 20120201 icetk already processed
ufs_b33 20120215 icetk already processed
ufs_b33 20120301 icetk already processed
ufs_b33 20120315 icetk already processed
ufs_b33 20120401 icetk already processed
ufs_b33 20120415 icetk already processed
ufs_b33 20120501 icetk already processed
ufs_b33 20120515 icetk already processed
ufs_b33 20120601 icetk already processed
ufs_b33 20120615 icetk already processed
ufs_b33 20120701 icetk already processed
ufs_b33 20120715 icetk already processed
ufs_b33 20120801 icetk already processed
ufs_b33 20120815 icetk already processed
ufs_b33 20120901 icetk already processed
ufs_b33 20120915 icetk already processed
ufs_b33 20121001 icetk already processed
ufs_b33 20121015 icetk already processed
ufs_b33 20121101 icetk already processed
ufs_b33 20121115 icetk already processed
ufs_b33 20121201 icetk already processed
ufs_b33 20121215 icetk already processed
ufs_b33 20130101 icetk already processed
ufs_b33 20130115 icetk already processed
ufs_b33 20130201 icetk already processed
ufs_b33 20130215 icetk already processed
ufs_b33 20130301 icetk already processed
ufs_b33 20130315 icetk already processed
ufs_b33 20130401 icetk already processed
ufs_b33 20130415 icetk already processed
ufs_b33 20130501 icetk already processed
ufs_b33 20130515 icetk already processed
ufs_b33 20130601 icetk already processed
ufs_b33 20130615 icetk already processed
ufs_b33 20130701 icetk already processed
ufs_b33 20130715 icetk already processed
ufs_b33 20130801 icetk already processed
ufs_b33 20130815 icetk already processed
ufs_b33 20130901 icetk already processed
ufs_b33 20130915 icetk already processed
ufs_b33 20131001 icetk already processed
ufs_b33 20131015 icetk already processed
ufs_b33 20131101 icetk already processed
ufs_b33 20131115 icetk already processed
ufs_b33 20131201 icetk already processed
ufs_b33 20131215 icetk already processed
ufs_b33 20140101 icetk already processed
ufs_b33 20140115 icetk already processed
ufs_b33 20140201 icetk already processed
ufs_b33 20140215 icetk already processed
ufs_b33 20140301 icetk already processed
ufs_b33 20140315 icetk already processed
ufs_b33 20140401 icetk already processed
ufs_b33 20140415 icetk already processed
ufs_b33 20140501 icetk already processed
ufs_b33 20140515 icetk already processed
ufs_b33 20140601 icetk already processed
ufs_b33 20140615 icetk already processed
ufs_b33 20140701 icetk already processed
ufs_b33 20140715 icetk already processed
ufs_b33 20140801 icetk already processed
ufs_b33 20140815 icetk already processed
ufs_b33 20140901 icetk already processed
ufs_b33 20140915 icetk already processed
ufs_b33 20141001 icetk already processed
ufs_b33 20141015 icetk already processed
ufs_b33 20141101 icetk already processed
ufs_b33 20141115 icetk already processed
ufs_b33 20141201 icetk already processed
ufs_b33 20141215 icetk already processed
ufs_b33 20150101 icetk already processed
ufs_b33 20150115 icetk already processed
ufs_b33 20150201 icetk already processed
ufs_b33 20150215 icetk already processed
ufs_b33 20150301 icetk already processed
ufs_b33 20150315 icetk already processed
ufs_b33 20150401 icetk already processed
ufs_b33 20150415 icetk already processed
ufs_b33 20150501 icetk already processed
ufs_b33 20150515 icetk already processed
ufs_b33 20150601 icetk already processed
ufs_b33 20150615 icetk already processed
ufs_b33 20150701 icetk already processed
ufs_b33 20150715 icetk already processed
ufs_b33 20150801 icetk already processed
ufs_b33 20150815 icetk already processed
ufs_b33 20150901 icetk already processed
ufs_b33 20150915 icetk already processed
ufs_b33 20151001 icetk already processed
ufs_b33 20151015 icetk already processed
ufs_b33 20151101 icetk already processed
ufs_b33 20151115 icetk already processed
ufs_b33 20151201 icetk already processed
ufs_b33 20151215 icetk already processed
ufs_b33 20160101 icetk already processed
ufs_b33 20160115 icetk already processed
ufs_b33 20160201 icetk already processed
ufs_b33 20160215 icetk already processed
ufs_b33 20160301 icetk already processed
ufs_b33 20160315 icetk already processed
ufs_b33 20160401 icetk already processed
aggregating ufs_b33 20160415 icetk
cdo(2) daymean: Process started
cdo(3) shifttime: Process started
cdo(3) shifttime: Processed 9122400 values from 1 variable over 140 timesteps
cdo(2) daymean: Processed 9122400 values from 1 variable over 140 timesteps
cdo shifttime: Processed 2280600 values from 1 variable over 35 timesteps [0.11s 54MB]
aggregating ufs_b33 20160501 icetk
cdo(2) daymean: Process started
cdo(3) shifttime: Process started
cdo(3) shifttime: Processed 9122400 values from 1 variable over 140 timesteps
cdo(2) daymean: Processed 9122400 values from 1 variable over 140 timesteps
cdo shifttime: Processed 2280600 values from 1 variable over 35 timesteps [0.11s 54MB]
aggregating ufs_b33 20160515 icetk
cdo(2) daymean: Process started
cdo(3) shifttime: Process started
cdo(3) shifttime: Processed 9122400 values from 1 variable over 140 timesteps
cdo(2) daymean: Processed 9122400 values from 1 variable over 140 timesteps
cdo shifttime: Processed 2280600 values from 1 variable over 35 timesteps [0.12s 54MB]
aggregating ufs_b33 20160601 icetk
cdo(2) daymean: Process started
cdo(3) shifttime: Process started
cdo(3) shifttime: Processed 9122400 values from 1 variable over 140 timesteps
cdo(2) daymean: Processed 9122400 values from 1 variable over 140 timesteps
cdo shifttime: Processed 2280600 values from 1 variable over 35 timesteps [0.12s 54MB]
aggregating ufs_b33 20160615 icetk
cdo(2) daymean: Process started
cdo(3) shifttime: Process started
cdo(3) shifttime: Processed 9122400 values from 1 variable over 140 timesteps
cdo(2) daymean: Processed 9122400 values from 1 variable over 140 timesteps
cdo shifttime: Processed 2280600 values from 1 variable over 35 timesteps [0.11s 54MB]
aggregating ufs_b33 20160701 icetk
cdo(2) daymean: Process started
cdo(3) shifttime: Process started
cdo(3) shifttime: Processed 9122400 values from 1 variable over 140 timesteps
cdo(2) daymean: Processed 9122400 values from 1 variable over 140 timesteps
cdo shifttime: Processed 2280600 values from 1 variable over 35 timesteps [0.16s 54MB]
aggregating ufs_b33 20160715 icetk
cdo(2) daymean: Process started
cdo(3) shifttime: Process started
cdo(3) shifttime: Processed 9122400 values from 1 variable over 140 timesteps
cdo(2) daymean: Processed 9122400 values from 1 variable over 140 timesteps
cdo shifttime: Processed 2280600 values from 1 variable over 35 timesteps [0.11s 54MB]
aggregating ufs_b33 20160801 icetk
cdo(2) daymean: Process started
cdo(3) shifttime: Process started
cdo(3) shifttime: Processed 9122400 values from 1 variable over 140 timesteps
cdo(2) daymean: Processed 9122400 values from 1 variable over 140 timesteps
cdo shifttime: Processed 2280600 values from 1 variable over 35 timesteps [0.14s 54MB]
aggregating ufs_b33 20160815 icetk
cdo(2) daymean: Process started
cdo(3) shifttime: Process started
cdo(3) shifttime: Processed 9122400 values from 1 variable over 140 timesteps
cdo(2) daymean: Processed 9122400 values from 1 variable over 140 timesteps
cdo shifttime: Processed 2280600 values from 1 variable over 35 timesteps [0.14s 54MB]
aggregating ufs_b33 20160901 icetk
cdo(2) daymean: Process started
cdo(3) shifttime: Process started
cdo(3) shifttime: Processed 9122400 values from 1 variable over 140 timesteps
cdo(2) daymean: Processed 9122400 values from 1 variable over 140 timesteps
cdo shifttime: Processed 2280600 values from 1 variable over 35 timesteps [0.12s 54MB]
aggregating ufs_b33 20160915 icetk
cdo(2) daymean: Process started
cdo(3) shifttime: Process started
cdo(3) shifttime: Processed 9122400 values from 1 variable over 140 timesteps
cdo(2) daymean: Processed 9122400 values from 1 variable over 140 timesteps
cdo shifttime: Processed 2280600 values from 1 variable over 35 timesteps [0.12s 54MB]
aggregating ufs_b33 20161001 icetk
cdo(2) daymean: Process started
cdo(3) shifttime: Process started
cdo(3) shifttime: Processed 9122400 values from 1 variable over 140 timesteps
cdo(2) daymean: Processed 9122400 values from 1 variable over 140 timesteps
cdo shifttime: Processed 2280600 values from 1 variable over 35 timesteps [0.16s 54MB]
aggregating ufs_b33 20161015 icetk
cdo(2) daymean: Process started
cdo(3) shifttime: Process started
cdo(3) shifttime: Processed 9122400 values from 1 variable over 140 timesteps
cdo(2) daymean: Processed 9122400 values from 1 variable over 140 timesteps
cdo shifttime: Processed 2280600 values from 1 variable over 35 timesteps [0.16s 54MB]
aggregating ufs_b33 20161101 icetk
cdo(2) daymean: Process started
cdo(3) shifttime: Process started
cdo(3) shifttime: Processed 9122400 values from 1 variable over 140 timesteps
cdo(2) daymean: Processed 9122400 values from 1 variable over 140 timesteps
cdo shifttime: Processed 2280600 values from 1 variable over 35 timesteps [0.14s 54MB]
aggregating ufs_b33 20161115 icetk
cdo(2) daymean: Process started
cdo(3) shifttime: Process started
cdo(3) shifttime: Processed 9122400 values from 1 variable over 140 timesteps
cdo(2) daymean: Processed 9122400 values from 1 variable over 140 timesteps
cdo shifttime: Processed 2280600 values from 1 variable over 35 timesteps [0.11s 54MB]
aggregating ufs_b33 20161201 icetk
cdo(2) daymean: Process started
cdo(3) shifttime: Process started
cdo(3) shifttime: Processed 9122400 values from 1 variable over 140 timesteps
cdo(2) daymean: Processed 9122400 values from 1 variable over 140 timesteps
cdo shifttime: Processed 2280600 values from 1 variable over 35 timesteps [0.12s 54MB]
aggregating ufs_b33 20161215 icetk
cdo(2) daymean: Process started
cdo(3) shifttime: Process started
cdo(3) shifttime: Processed 9122400 values from 1 variable over 140 timesteps
cdo(2) daymean: Processed 9122400 values from 1 variable over 140 timesteps
cdo shifttime: Processed 2280600 values from 1 variable over 35 timesteps [0.15s 54MB]
aggregating ufs_b33 20170101 icetk
cdo(2) daymean: Process started
cdo(3) shifttime: Process started
cdo(3) shifttime: Processed 9122400 values from 1 variable over 140 timesteps
cdo(2) daymean: Processed 9122400 values from 1 variable over 140 timesteps
cdo shifttime: Processed 2280600 values from 1 variable over 35 timesteps [0.11s 54MB]
aggregating ufs_b33 20170115 icetk
cdo(2) daymean: Process started
cdo(3) shifttime: Process started
cdo(3) shifttime: Processed 9122400 values from 1 variable over 140 timesteps
cdo(2) daymean: Processed 9122400 values from 1 variable over 140 timesteps
cdo shifttime: Processed 2280600 values from 1 variable over 35 timesteps [0.15s 54MB]
aggregating ufs_b33 20170201 icetk
cdo(2) daymean: Process started
cdo(3) shifttime: Process started
cdo(3) shifttime: Processed 9122400 values from 1 variable over 140 timesteps
cdo(2) daymean: Processed 9122400 values from 1 variable over 140 timesteps
cdo shifttime: Processed 2280600 values from 1 variable over 35 timesteps [0.14s 54MB]
aggregating ufs_b33 20170215 icetk
cdo(2) daymean: Process started
cdo(3) shifttime: Process started
cdo(3) shifttime: Processed 9122400 values from 1 variable over 140 timesteps
cdo(2) daymean: Processed 9122400 values from 1 variable over 140 timesteps
cdo shifttime: Processed 2280600 values from 1 variable over 35 timesteps [0.11s 54MB]
aggregating ufs_b33 20170301 icetk
cdo(2) daymean: Process started
cdo(3) shifttime: Process started
cdo(3) shifttime: Processed 9122400 values from 1 variable over 140 timesteps
cdo(2) daymean: Processed 9122400 values from 1 variable over 140 timesteps
cdo shifttime: Processed 2280600 values from 1 variable over 35 timesteps [0.11s 54MB]
aggregating ufs_b33 20170315 icetk
cdo(2) daymean: Process started
cdo(3) shifttime: Process started
cdo(3) shifttime: Processed 9122400 values from 1 variable over 140 timesteps
cdo(2) daymean: Processed 9122400 values from 1 variable over 140 timesteps
cdo shifttime: Processed 2280600 values from 1 variable over 35 timesteps [0.11s 54MB]
aggregating ufs_b33 20170401 icetk
cdo(2) daymean: Process started
cdo(3) shifttime: Process started
cdo(3) shifttime: Processed 9122400 values from 1 variable over 140 timesteps
cdo(2) daymean: Processed 9122400 values from 1 variable over 140 timesteps
cdo shifttime: Processed 2280600 values from 1 variable over 35 timesteps [0.16s 54MB]
aggregating ufs_b33 20170415 icetk
cdo(2) daymean: Process started
cdo(3) shifttime: Process started
cdo(3) shifttime: Processed 9122400 values from 1 variable over 140 timesteps
cdo(2) daymean: Processed 9122400 values from 1 variable over 140 timesteps
cdo shifttime: Processed 2280600 values from 1 variable over 35 timesteps [0.12s 54MB]
aggregating ufs_b33 20170501 icetk
cdo(2) daymean: Process started
cdo(3) shifttime: Process started
cdo(3) shifttime: Processed 9122400 values from 1 variable over 140 timesteps
cdo(2) daymean: Processed 9122400 values from 1 variable over 140 timesteps
cdo shifttime: Processed 2280600 values from 1 variable over 35 timesteps [0.10s 54MB]
aggregating ufs_b33 20170515 icetk
cdo(2) daymean: Process started
cdo(3) shifttime: Process started
cdo(3) shifttime: Processed 9122400 values from 1 variable over 140 timesteps
cdo(2) daymean: Processed 9122400 values from 1 variable over 140 timesteps
cdo shifttime: Processed 2280600 values from 1 variable over 35 timesteps [0.11s 54MB]
aggregating ufs_b33 20170601 icetk
cdo(2) daymean: Process started
cdo(3) shifttime: Process started
cdo(3) shifttime: Processed 9122400 values from 1 variable over 140 timesteps
cdo(2) daymean: Processed 9122400 values from 1 variable over 140 timesteps
cdo shifttime: Processed 2280600 values from 1 variable over 35 timesteps [0.11s 54MB]
aggregating ufs_b33 20170615 icetk
cdo(2) daymean: Process started
cdo(3) shifttime: Process started
cdo(3) shifttime: Processed 9122400 values from 1 variable over 140 timesteps
cdo(2) daymean: Processed 9122400 values from 1 variable over 140 timesteps
cdo shifttime: Processed 2280600 values from 1 variable over 35 timesteps [0.11s 54MB]
aggregating ufs_b33 20170701 icetk
cdo(2) daymean: Process started
cdo(3) shifttime: Process started
cdo(3) shifttime: Processed 9122400 values from 1 variable over 140 timesteps
cdo(2) daymean: Processed 9122400 values from 1 variable over 140 timesteps
cdo shifttime: Processed 2280600 values from 1 variable over 35 timesteps [0.11s 54MB]
aggregating ufs_b33 20170715 icetk
cdo(2) daymean: Process started
cdo(3) shifttime: Process started
cdo(3) shifttime: Processed 9122400 values from 1 variable over 140 timesteps
cdo(2) daymean: Processed 9122400 values from 1 variable over 140 timesteps
cdo shifttime: Processed 2280600 values from 1 variable over 35 timesteps [0.15s 54MB]
aggregating ufs_b33 20170801 icetk
cdo(2) daymean: Process started
cdo(3) shifttime: Process started
cdo(3) shifttime: Processed 9122400 values from 1 variable over 140 timesteps
cdo(2) daymean: Processed 9122400 values from 1 variable over 140 timesteps
cdo shifttime: Processed 2280600 values from 1 variable over 35 timesteps [0.16s 54MB]
aggregating ufs_b33 20170815 icetk
cdo(2) daymean: Process started
cdo(3) shifttime: Process started
cdo(3) shifttime: Processed 9122400 values from 1 variable over 140 timesteps
cdo(2) daymean: Processed 9122400 values from 1 variable over 140 timesteps
cdo shifttime: Processed 2280600 values from 1 variable over 35 timesteps [0.11s 54MB]
aggregating ufs_b33 20170901 icetk
cdo(2) daymean: Process started
cdo(3) shifttime: Process started
cdo(3) shifttime: Processed 9122400 values from 1 variable over 140 timesteps
cdo(2) daymean: Processed 9122400 values from 1 variable over 140 timesteps
cdo shifttime: Processed 2280600 values from 1 variable over 35 timesteps [0.11s 54MB]
aggregating ufs_b33 20170915 icetk
cdo(2) daymean: Process started
cdo(3) shifttime: Process started
cdo(3) shifttime: Processed 9122400 values from 1 variable over 140 timesteps
cdo(2) daymean: Processed 9122400 values from 1 variable over 140 timesteps
cdo shifttime: Processed 2280600 values from 1 variable over 35 timesteps [0.11s 54MB]
aggregating ufs_b33 20171001 icetk
cdo(2) daymean: Process started
cdo(3) shifttime: Process started
cdo(3) shifttime: Processed 9122400 values from 1 variable over 140 timesteps
cdo(2) daymean: Processed 9122400 values from 1 variable over 140 timesteps
cdo shifttime: Processed 2280600 values from 1 variable over 35 timesteps [0.15s 54MB]
aggregating ufs_b33 20171015 icetk
cdo(2) daymean: Process started
cdo(3) shifttime: Process started
cdo(3) shifttime: Processed 9122400 values from 1 variable over 140 timesteps
cdo(2) daymean: Processed 9122400 values from 1 variable over 140 timesteps
cdo shifttime: Processed 2280600 values from 1 variable over 35 timesteps [0.15s 54MB]
aggregating ufs_b33 20171101 icetk
cdo(2) daymean: Process started
cdo(3) shifttime: Process started
cdo(3) shifttime: Processed 9122400 values from 1 variable over 140 timesteps
cdo(2) daymean: Processed 9122400 values from 1 variable over 140 timesteps
cdo shifttime: Processed 2280600 values from 1 variable over 35 timesteps [0.14s 54MB]
aggregating ufs_b33 20171115 icetk
cdo(2) daymean: Process started
cdo(3) shifttime: Process started
cdo(3) shifttime: Processed 9122400 values from 1 variable over 140 timesteps
cdo(2) daymean: Processed 9122400 values from 1 variable over 140 timesteps
cdo shifttime: Processed 2280600 values from 1 variable over 35 timesteps [0.12s 54MB]
aggregating ufs_b33 20171201 icetk
cdo(2) daymean: Process started
cdo(3) shifttime: Process started
cdo(3) shifttime: Processed 9122400 values from 1 variable over 140 timesteps
cdo(2) daymean: Processed 9122400 values from 1 variable over 140 timesteps
cdo shifttime: Processed 2280600 values from 1 variable over 35 timesteps [0.11s 54MB]
aggregating ufs_b33 20171215 icetk
cdo(2) daymean: Process started
cdo(3) shifttime: Process started
cdo(3) shifttime: Processed 9122400 values from 1 variable over 140 timesteps
cdo(2) daymean: Processed 9122400 values from 1 variable over 140 timesteps
cdo shifttime: Processed 2280600 values from 1 variable over 35 timesteps [0.15s 54MB]
aggregating ufs_b33 20180101 icetk
cdo(2) daymean: Process started
cdo(3) shifttime: Process started
cdo(3) shifttime: Processed 9122400 values from 1 variable over 140 timesteps
cdo(2) daymean: Processed 9122400 values from 1 variable over 140 timesteps
cdo shifttime: Processed 2280600 values from 1 variable over 35 timesteps [0.16s 54MB]
aggregating ufs_b33 20180115 icetk
cdo(2) daymean: Process started
cdo(3) shifttime: Process started
cdo(3) shifttime: Processed 9122400 values from 1 variable over 140 timesteps
cdo(2) daymean: Processed 9122400 values from 1 variable over 140 timesteps
cdo shifttime: Processed 2280600 values from 1 variable over 35 timesteps [0.13s 54MB]
aggregating ufs_b33 20180201 icetk
cdo(2) daymean: Process started
cdo(3) shifttime: Process started
cdo(3) shifttime: Processed 9122400 values from 1 variable over 140 timesteps
cdo(2) daymean: Processed 9122400 values from 1 variable over 140 timesteps
cdo shifttime: Processed 2280600 values from 1 variable over 35 timesteps [0.11s 54MB]
aggregating ufs_b33 20180215 icetk
cdo(2) daymean: Process started
cdo(3) shifttime: Process started
cdo(3) shifttime: Processed 9122400 values from 1 variable over 140 timesteps
cdo(2) daymean: Processed 9122400 values from 1 variable over 140 timesteps
cdo shifttime: Processed 2280600 values from 1 variable over 35 timesteps [0.11s 54MB]
aggregating ufs_b33 20180301 icetk
cdo(2) daymean: Process started
cdo(3) shifttime: Process started
cdo(3) shifttime: Processed 9122400 values from 1 variable over 140 timesteps
cdo(2) daymean: Processed 9122400 values from 1 variable over 140 timesteps
cdo shifttime: Processed 2280600 values from 1 variable over 35 timesteps [0.10s 54MB]
aggregating ufs_b33 20180315 icetk
cdo(2) daymean: Process started
cdo(3) shifttime: Process started
cdo(3) shifttime: Processed 9122400 values from 1 variable over 140 timesteps
cdo(2) daymean: Processed 9122400 values from 1 variable over 140 timesteps
cdo shifttime: Processed 2280600 values from 1 variable over 35 timesteps [0.11s 54MB]
 indir /scratch1/NCEPDEV/stmp2/Lydia.B.Stefanova/fromHPSS//ufs_b33/2018040100/gfs.20180401/00 does not exist
 indir /scratch1/NCEPDEV/stmp2/Lydia.B.Stefanova/fromHPSS//ufs_b33/2018041500/gfs.20180415/00 does not exist
 indir /scratch1/NCEPDEV/stmp2/Lydia.B.Stefanova/fromHPSS//ufs_b33/2018050100/gfs.20180501/00 does not exist
 indir /scratch1/NCEPDEV/stmp2/Lydia.B.Stefanova/fromHPSS//ufs_b33/2018051500/gfs.20180515/00 does not exist
 indir /scratch1/NCEPDEV/stmp2/Lydia.B.Stefanova/fromHPSS//ufs_b33/2018060100/gfs.20180601/00 does not exist
 indir /scratch1/NCEPDEV/stmp2/Lydia.B.Stefanova/fromHPSS//ufs_b33/2018061500/gfs.20180615/00 does not exist
 indir /scratch1/NCEPDEV/stmp2/Lydia.B.Stefanova/fromHPSS//ufs_b33/2018070100/gfs.20180701/00 does not exist
 indir /scratch1/NCEPDEV/stmp2/Lydia.B.Stefanova/fromHPSS//ufs_b33/2018071500/gfs.20180715/00 does not exist
 indir /scratch1/NCEPDEV/stmp2/Lydia.B.Stefanova/fromHPSS//ufs_b33/2018080100/gfs.20180801/00 does not exist
 indir /scratch1/NCEPDEV/stmp2/Lydia.B.Stefanova/fromHPSS//ufs_b33/2018081500/gfs.20180815/00 does not exist
 indir /scratch1/NCEPDEV/stmp2/Lydia.B.Stefanova/fromHPSS//ufs_b33/2018090100/gfs.20180901/00 does not exist
 indir /scratch1/NCEPDEV/stmp2/Lydia.B.Stefanova/fromHPSS//ufs_b33/2018091500/gfs.20180915/00 does not exist
 indir /scratch1/NCEPDEV/stmp2/Lydia.B.Stefanova/fromHPSS//ufs_b33/2018100100/gfs.20181001/00 does not exist
 indir /scratch1/NCEPDEV/stmp2/Lydia.B.Stefanova/fromHPSS//ufs_b33/2018101500/gfs.20181015/00 does not exist
 indir /scratch1/NCEPDEV/stmp2/Lydia.B.Stefanova/fromHPSS//ufs_b33/2018110100/gfs.20181101/00 does not exist
 indir /scratch1/NCEPDEV/stmp2/Lydia.B.Stefanova/fromHPSS//ufs_b33/2018111500/gfs.20181115/00 does not exist
 indir /scratch1/NCEPDEV/stmp2/Lydia.B.Stefanova/fromHPSS//ufs_b33/2018120100/gfs.20181201/00 does not exist
 indir /scratch1/NCEPDEV/stmp2/Lydia.B.Stefanova/fromHPSS//ufs_b33/2018121500/gfs.20181215/00 does not exist
_______________________________________________________________
Start Epilog v19.07.23 on node h12c48 for job 9007777 :: Tue Jun 23 22:46:35 UTC 2020
Job 9007777 (not serial) finished for user Lydia.B.Stefanova in partition hera with exit code 0:0
_______________________________________________________________
End Epilogue v19.07.23 Tue Jun 23 22:46:35 UTC 2020
