 indir /scratch1/NCEPDEV/stmp2/Lydia.B.Stefanova/fromHPSS//ufs_b33/2011010100/gfs.20110101/00 does not exist
 indir /scratch1/NCEPDEV/stmp2/Lydia.B.Stefanova/fromHPSS//ufs_b33/2011011500/gfs.20110115/00 does not exist
 indir /scratch1/NCEPDEV/stmp2/Lydia.B.Stefanova/fromHPSS//ufs_b33/2011020100/gfs.20110201/00 does not exist
 indir /scratch1/NCEPDEV/stmp2/Lydia.B.Stefanova/fromHPSS//ufs_b33/2011021500/gfs.20110215/00 does not exist
 indir /scratch1/NCEPDEV/stmp2/Lydia.B.Stefanova/fromHPSS//ufs_b33/2011030100/gfs.20110301/00 does not exist
 indir /scratch1/NCEPDEV/stmp2/Lydia.B.Stefanova/fromHPSS//ufs_b33/2011031500/gfs.20110315/00 does not exist
aggregating ufs_b33 20110401 icec
cdo(2) daymean: Process started
cdo(3) shifttime: Process started
cdo(3) shifttime: Processed 9122400 values from 1 variable over 140 timesteps
cdo(2) daymean: Processed 9122400 values from 1 variable over 140 timesteps
cdo shifttime: Processed 2280600 values from 1 variable over 35 timesteps [0.11s 54MB]
aggregating ufs_b33 20110415 icec
cdo(2) daymean: Process started
cdo(3) shifttime: Process started
cdo(3) shifttime: Processed 9122400 values from 1 variable over 140 timesteps
cdo(2) daymean: Processed 9122400 values from 1 variable over 140 timesteps
cdo shifttime: Processed 2280600 values from 1 variable over 35 timesteps [0.12s 54MB]
aggregating ufs_b33 20110501 icec
cdo(2) daymean: Process started
cdo(3) shifttime: Process started
cdo(3) shifttime: Processed 9122400 values from 1 variable over 140 timesteps
cdo(2) daymean: Processed 9122400 values from 1 variable over 140 timesteps
cdo shifttime: Processed 2280600 values from 1 variable over 35 timesteps [0.11s 54MB]
aggregating ufs_b33 20110515 icec
cdo(2) daymean: Process started
cdo(3) shifttime: Process started
cdo(3) shifttime: Processed 9122400 values from 1 variable over 140 timesteps
cdo(2) daymean: Processed 9122400 values from 1 variable over 140 timesteps
cdo shifttime: Processed 2280600 values from 1 variable over 35 timesteps [0.15s 54MB]
aggregating ufs_b33 20110601 icec
cdo(2) daymean: Process started
cdo(3) shifttime: Process started
cdo(3) shifttime: Processed 9122400 values from 1 variable over 140 timesteps
cdo(2) daymean: Processed 9122400 values from 1 variable over 140 timesteps
cdo shifttime: Processed 2280600 values from 1 variable over 35 timesteps [0.14s 54MB]
aggregating ufs_b33 20110615 icec
cdo(2) daymean: Process started
cdo(3) shifttime: Process started
cdo(3) shifttime: Processed 9122400 values from 1 variable over 140 timesteps
cdo(2) daymean: Processed 9122400 values from 1 variable over 140 timesteps
cdo shifttime: Processed 2280600 values from 1 variable over 35 timesteps [0.10s 54MB]
aggregating ufs_b33 20110701 icec
cdo(2) daymean: Process started
cdo(3) shifttime: Process started
cdo(3) shifttime: Processed 9122400 values from 1 variable over 140 timesteps
cdo(2) daymean: Processed 9122400 values from 1 variable over 140 timesteps
cdo shifttime: Processed 2280600 values from 1 variable over 35 timesteps [0.11s 54MB]
aggregating ufs_b33 20110715 icec
cdo(2) daymean: Process started
cdo(3) shifttime: Process started
cdo(3) shifttime: Processed 9122400 values from 1 variable over 140 timesteps
cdo(2) daymean: Processed 9122400 values from 1 variable over 140 timesteps
cdo shifttime: Processed 2280600 values from 1 variable over 35 timesteps [0.11s 54MB]
aggregating ufs_b33 20110801 icec
cdo(2) daymean: Process started
cdo(3) shifttime: Process started
cdo(3) shifttime: Processed 9122400 values from 1 variable over 140 timesteps
cdo(2) daymean: Processed 9122400 values from 1 variable over 140 timesteps
cdo shifttime: Processed 2280600 values from 1 variable over 35 timesteps [0.14s 54MB]
aggregating ufs_b33 20110815 icec
cdo(2) daymean: Process started
cdo(3) shifttime: Process started
cdo(3) shifttime: Processed 9122400 values from 1 variable over 140 timesteps
cdo(2) daymean: Processed 9122400 values from 1 variable over 140 timesteps
cdo shifttime: Processed 2280600 values from 1 variable over 35 timesteps [0.12s 54MB]
aggregating ufs_b33 20110901 icec
cdo(2) daymean: Process started
cdo(3) shifttime: Process started
cdo(3) shifttime: Processed 9122400 values from 1 variable over 140 timesteps
cdo(2) daymean: Processed 9122400 values from 1 variable over 140 timesteps
cdo shifttime: Processed 2280600 values from 1 variable over 35 timesteps [0.11s 54MB]
aggregating ufs_b33 20110915 icec
cdo(2) daymean: Process started
cdo(3) shifttime: Process started
cdo(3) shifttime: Processed 9122400 values from 1 variable over 140 timesteps
cdo(2) daymean: Processed 9122400 values from 1 variable over 140 timesteps
cdo shifttime: Processed 2280600 values from 1 variable over 35 timesteps [0.12s 54MB]
aggregating ufs_b33 20111001 icec
cdo(2) daymean: Process started
cdo(3) shifttime: Process started
cdo(3) shifttime: Processed 9122400 values from 1 variable over 140 timesteps
cdo(2) daymean: Processed 9122400 values from 1 variable over 140 timesteps
cdo shifttime: Processed 2280600 values from 1 variable over 35 timesteps [0.13s 54MB]
aggregating ufs_b33 20111015 icec
cdo(2) daymean: Process started
cdo(3) shifttime: Process started
cdo(3) shifttime: Processed 9122400 values from 1 variable over 140 timesteps
cdo(2) daymean: Processed 9122400 values from 1 variable over 140 timesteps
cdo shifttime: Processed 2280600 values from 1 variable over 35 timesteps [0.11s 54MB]
aggregating ufs_b33 20111101 icec
cdo(2) daymean: Process started
cdo(3) shifttime: Process started
cdo(3) shifttime: Processed 9122400 values from 1 variable over 140 timesteps
cdo(2) daymean: Processed 9122400 values from 1 variable over 140 timesteps
cdo shifttime: Processed 2280600 values from 1 variable over 35 timesteps [0.11s 54MB]
aggregating ufs_b33 20111115 icec
cdo(2) daymean: Process started
cdo(3) shifttime: Process started
cdo(3) shifttime: Processed 9122400 values from 1 variable over 140 timesteps
cdo(2) daymean: Processed 9122400 values from 1 variable over 140 timesteps
cdo shifttime: Processed 2280600 values from 1 variable over 35 timesteps [0.11s 54MB]
aggregating ufs_b33 20111201 icec
cdo(2) daymean: Process started
cdo(3) shifttime: Process started
cdo(3) shifttime: Processed 9122400 values from 1 variable over 140 timesteps
cdo(2) daymean: Processed 9122400 values from 1 variable over 140 timesteps
cdo shifttime: Processed 2280600 values from 1 variable over 35 timesteps [0.15s 54MB]
aggregating ufs_b33 20111215 icec
cdo(2) daymean: Process started
cdo(3) shifttime: Process started
cdo(3) shifttime: Processed 9122400 values from 1 variable over 140 timesteps
cdo(2) daymean: Processed 9122400 values from 1 variable over 140 timesteps
cdo shifttime: Processed 2280600 values from 1 variable over 35 timesteps [0.11s 54MB]
aggregating ufs_b33 20120101 icec
cdo(2) daymean: Process started
cdo(3) shifttime: Process started
cdo(3) shifttime: Processed 9122400 values from 1 variable over 140 timesteps
cdo(2) daymean: Processed 9122400 values from 1 variable over 140 timesteps
cdo shifttime: Processed 2280600 values from 1 variable over 35 timesteps [0.11s 54MB]
aggregating ufs_b33 20120115 icec
cdo(2) daymean: Process started
cdo(3) shifttime: Process started
cdo(3) shifttime: Processed 9122400 values from 1 variable over 140 timesteps
cdo(2) daymean: Processed 9122400 values from 1 variable over 140 timesteps
cdo shifttime: Processed 2280600 values from 1 variable over 35 timesteps [0.14s 54MB]
aggregating ufs_b33 20120201 icec
cdo(2) daymean: Process started
cdo(3) shifttime: Process started
cdo(3) shifttime: Processed 9122400 values from 1 variable over 140 timesteps
cdo(2) daymean: Processed 9122400 values from 1 variable over 140 timesteps
cdo shifttime: Processed 2280600 values from 1 variable over 35 timesteps [0.11s 54MB]
aggregating ufs_b33 20120215 icec
cdo(2) daymean: Process started
cdo(3) shifttime: Process started
cdo(3) shifttime: Processed 9122400 values from 1 variable over 140 timesteps
cdo(2) daymean: Processed 9122400 values from 1 variable over 140 timesteps
cdo shifttime: Processed 2280600 values from 1 variable over 35 timesteps [0.11s 54MB]
aggregating ufs_b33 20120301 icec
cdo(2) daymean: Process started
cdo(3) shifttime: Process started
cdo(3) shifttime: Processed 9122400 values from 1 variable over 140 timesteps
cdo(2) daymean: Processed 9122400 values from 1 variable over 140 timesteps
cdo shifttime: Processed 2280600 values from 1 variable over 35 timesteps [0.11s 54MB]
aggregating ufs_b33 20120315 icec
cdo(2) daymean: Process started
cdo(3) shifttime: Process started
cdo(3) shifttime: Processed 9122400 values from 1 variable over 140 timesteps
cdo(2) daymean: Processed 9122400 values from 1 variable over 140 timesteps
cdo shifttime: Processed 2280600 values from 1 variable over 35 timesteps [0.15s 54MB]
aggregating ufs_b33 20120401 icec
cdo(2) daymean: Process started
cdo(3) shifttime: Process started
cdo(3) shifttime: Processed 9122400 values from 1 variable over 140 timesteps
cdo(2) daymean: Processed 9122400 values from 1 variable over 140 timesteps
cdo shifttime: Processed 2280600 values from 1 variable over 35 timesteps [0.12s 54MB]
aggregating ufs_b33 20120415 icec
cdo(2) daymean: Process started
cdo(3) shifttime: Process started
cdo(3) shifttime: Processed 9122400 values from 1 variable over 140 timesteps
cdo(2) daymean: Processed 9122400 values from 1 variable over 140 timesteps
cdo shifttime: Processed 2280600 values from 1 variable over 35 timesteps [0.10s 54MB]
aggregating ufs_b33 20120501 icec
cdo(2) daymean: Process started
cdo(3) shifttime: Process started
cdo(3) shifttime: Processed 9122400 values from 1 variable over 140 timesteps
cdo(2) daymean: Processed 9122400 values from 1 variable over 140 timesteps
cdo shifttime: Processed 2280600 values from 1 variable over 35 timesteps [0.14s 54MB]
aggregating ufs_b33 20120515 icec
cdo(2) daymean: Process started
cdo(3) shifttime: Process started
cdo(3) shifttime: Processed 9122400 values from 1 variable over 140 timesteps
cdo(2) daymean: Processed 9122400 values from 1 variable over 140 timesteps
cdo shifttime: Processed 2280600 values from 1 variable over 35 timesteps [0.11s 54MB]
aggregating ufs_b33 20120601 icec
cdo(2) daymean: Process started
cdo(3) shifttime: Process started
cdo(3) shifttime: Processed 9122400 values from 1 variable over 140 timesteps
cdo(2) daymean: Processed 9122400 values from 1 variable over 140 timesteps
cdo shifttime: Processed 2280600 values from 1 variable over 35 timesteps [0.15s 54MB]
aggregating ufs_b33 20120615 icec
cdo(2) daymean: Process started
cdo(3) shifttime: Process started
cdo(3) shifttime: Processed 9122400 values from 1 variable over 140 timesteps
cdo(2) daymean: Processed 9122400 values from 1 variable over 140 timesteps
cdo shifttime: Processed 2280600 values from 1 variable over 35 timesteps [0.14s 54MB]
aggregating ufs_b33 20120701 icec
cdo(2) daymean: Process started
cdo(3) shifttime: Process started
cdo(3) shifttime: Processed 9122400 values from 1 variable over 140 timesteps
cdo(2) daymean: Processed 9122400 values from 1 variable over 140 timesteps
cdo shifttime: Processed 2280600 values from 1 variable over 35 timesteps [0.10s 54MB]
aggregating ufs_b33 20120715 icec
cdo(2) daymean: Process started
cdo(3) shifttime: Process started
cdo(3) shifttime: Processed 9122400 values from 1 variable over 140 timesteps
cdo(2) daymean: Processed 9122400 values from 1 variable over 140 timesteps
cdo shifttime: Processed 2280600 values from 1 variable over 35 timesteps [0.11s 54MB]
aggregating ufs_b33 20120801 icec
cdo(2) daymean: Process started
cdo(3) shifttime: Process started
cdo(3) shifttime: Processed 9122400 values from 1 variable over 140 timesteps
cdo(2) daymean: Processed 9122400 values from 1 variable over 140 timesteps
cdo shifttime: Processed 2280600 values from 1 variable over 35 timesteps [0.10s 54MB]
aggregating ufs_b33 20120815 icec
cdo(2) daymean: Process started
cdo(3) shifttime: Process started
cdo(3) shifttime: Processed 9122400 values from 1 variable over 140 timesteps
cdo(2) daymean: Processed 9122400 values from 1 variable over 140 timesteps
cdo shifttime: Processed 2280600 values from 1 variable over 35 timesteps [0.12s 54MB]
aggregating ufs_b33 20120901 icec
cdo(2) daymean: Process started
cdo(3) shifttime: Process started
cdo(3) shifttime: Processed 9122400 values from 1 variable over 140 timesteps
cdo(2) daymean: Processed 9122400 values from 1 variable over 140 timesteps
cdo shifttime: Processed 2280600 values from 1 variable over 35 timesteps [0.11s 54MB]
aggregating ufs_b33 20120915 icec
cdo(2) daymean: Process started
cdo(3) shifttime: Process started
cdo(3) shifttime: Processed 9122400 values from 1 variable over 140 timesteps
cdo(2) daymean: Processed 9122400 values from 1 variable over 140 timesteps
cdo shifttime: Processed 2280600 values from 1 variable over 35 timesteps [0.11s 54MB]
aggregating ufs_b33 20121001 icec
cdo(2) daymean: Process started
cdo(3) shifttime: Process started
cdo(3) shifttime: Processed 9122400 values from 1 variable over 140 timesteps
cdo(2) daymean: Processed 9122400 values from 1 variable over 140 timesteps
cdo shifttime: Processed 2280600 values from 1 variable over 35 timesteps [0.11s 54MB]
aggregating ufs_b33 20121015 icec
cdo(2) daymean: Process started
cdo(3) shifttime: Process started
cdo(3) shifttime: Processed 9122400 values from 1 variable over 140 timesteps
cdo(2) daymean: Processed 9122400 values from 1 variable over 140 timesteps
cdo shifttime: Processed 2280600 values from 1 variable over 35 timesteps [0.15s 54MB]
aggregating ufs_b33 20121101 icec
cdo(2) daymean: Process started
cdo(3) shifttime: Process started
cdo(3) shifttime: Processed 9122400 values from 1 variable over 140 timesteps
cdo(2) daymean: Processed 9122400 values from 1 variable over 140 timesteps
cdo shifttime: Processed 2280600 values from 1 variable over 35 timesteps [0.11s 54MB]
aggregating ufs_b33 20121115 icec
cdo(2) daymean: Process started
cdo(3) shifttime: Process started
cdo(3) shifttime: Processed 9122400 values from 1 variable over 140 timesteps
cdo(2) daymean: Processed 9122400 values from 1 variable over 140 timesteps
cdo shifttime: Processed 2280600 values from 1 variable over 35 timesteps [0.14s 54MB]
aggregating ufs_b33 20121201 icec
cdo(2) daymean: Process started
cdo(3) shifttime: Process started
cdo(3) shifttime: Processed 9122400 values from 1 variable over 140 timesteps
cdo(2) daymean: Processed 9122400 values from 1 variable over 140 timesteps
cdo shifttime: Processed 2280600 values from 1 variable over 35 timesteps [0.11s 54MB]
aggregating ufs_b33 20121215 icec
cdo(2) daymean: Process started
cdo(3) shifttime: Process started
cdo(3) shifttime: Processed 9122400 values from 1 variable over 140 timesteps
cdo(2) daymean: Processed 9122400 values from 1 variable over 140 timesteps
cdo shifttime: Processed 2280600 values from 1 variable over 35 timesteps [0.11s 54MB]
aggregating ufs_b33 20130101 icec
cdo(2) daymean: Process started
cdo(3) shifttime: Process started
cdo(3) shifttime: Processed 9122400 values from 1 variable over 140 timesteps
cdo(2) daymean: Processed 9122400 values from 1 variable over 140 timesteps
cdo shifttime: Processed 2280600 values from 1 variable over 35 timesteps [0.11s 54MB]
aggregating ufs_b33 20130115 icec
cdo(2) daymean: Process started
cdo(3) shifttime: Process started
cdo(3) shifttime: Processed 9122400 values from 1 variable over 140 timesteps
cdo(2) daymean: Processed 9122400 values from 1 variable over 140 timesteps
cdo shifttime: Processed 2280600 values from 1 variable over 35 timesteps [0.11s 54MB]
aggregating ufs_b33 20130201 icec
cdo(2) daymean: Process started
cdo(3) shifttime: Process started
cdo(3) shifttime: Processed 9122400 values from 1 variable over 140 timesteps
cdo(2) daymean: Processed 9122400 values from 1 variable over 140 timesteps
cdo shifttime: Processed 2280600 values from 1 variable over 35 timesteps [0.12s 54MB]
aggregating ufs_b33 20130215 icec
cdo(2) daymean: Process started
cdo(3) shifttime: Process started
cdo(3) shifttime: Processed 9122400 values from 1 variable over 140 timesteps
cdo(2) daymean: Processed 9122400 values from 1 variable over 140 timesteps
cdo shifttime: Processed 2280600 values from 1 variable over 35 timesteps [0.11s 54MB]
aggregating ufs_b33 20130301 icec
cdo(2) daymean: Process started
cdo(3) shifttime: Process started
cdo(3) shifttime: Processed 9122400 values from 1 variable over 140 timesteps
cdo(2) daymean: Processed 9122400 values from 1 variable over 140 timesteps
cdo shifttime: Processed 2280600 values from 1 variable over 35 timesteps [0.13s 54MB]
aggregating ufs_b33 20130315 icec
cdo(2) daymean: Process started
cdo(3) shifttime: Process started
cdo(3) shifttime: Processed 9122400 values from 1 variable over 140 timesteps
cdo(2) daymean: Processed 9122400 values from 1 variable over 140 timesteps
cdo shifttime: Processed 2280600 values from 1 variable over 35 timesteps [0.15s 54MB]
aggregating ufs_b33 20130401 icec
cdo(2) daymean: Process started
cdo(3) shifttime: Process started
cdo(3) shifttime: Processed 9122400 values from 1 variable over 140 timesteps
cdo(2) daymean: Processed 9122400 values from 1 variable over 140 timesteps
cdo shifttime: Processed 2280600 values from 1 variable over 35 timesteps [0.13s 54MB]
aggregating ufs_b33 20130415 icec
cdo(2) daymean: Process started
cdo(3) shifttime: Process started
cdo(3) shifttime: Processed 9122400 values from 1 variable over 140 timesteps
cdo(2) daymean: Processed 9122400 values from 1 variable over 140 timesteps
cdo shifttime: Processed 2280600 values from 1 variable over 35 timesteps [0.10s 54MB]
aggregating ufs_b33 20130501 icec
cdo(2) daymean: Process started
cdo(3) shifttime: Process started
cdo(3) shifttime: Processed 9122400 values from 1 variable over 140 timesteps
cdo(2) daymean: Processed 9122400 values from 1 variable over 140 timesteps
cdo shifttime: Processed 2280600 values from 1 variable over 35 timesteps [0.14s 54MB]
aggregating ufs_b33 20130515 icec
cdo(2) daymean: Process started
cdo(3) shifttime: Process started
cdo(3) shifttime: Processed 9122400 values from 1 variable over 140 timesteps
cdo(2) daymean: Processed 9122400 values from 1 variable over 140 timesteps
cdo shifttime: Processed 2280600 values from 1 variable over 35 timesteps [0.11s 54MB]
aggregating ufs_b33 20130601 icec
cdo(2) daymean: Process started
cdo(3) shifttime: Process started
cdo(3) shifttime: Processed 9122400 values from 1 variable over 140 timesteps
cdo(2) daymean: Processed 9122400 values from 1 variable over 140 timesteps
cdo shifttime: Processed 2280600 values from 1 variable over 35 timesteps [0.11s 54MB]
aggregating ufs_b33 20130615 icec
cdo(2) daymean: Process started
cdo(3) shifttime: Process started
cdo(3) shifttime: Processed 9122400 values from 1 variable over 140 timesteps
cdo(2) daymean: Processed 9122400 values from 1 variable over 140 timesteps
cdo shifttime: Processed 2280600 values from 1 variable over 35 timesteps [0.17s 54MB]
aggregating ufs_b33 20130701 icec
cdo(2) daymean: Process started
cdo(3) shifttime: Process started
cdo(3) shifttime: Processed 9122400 values from 1 variable over 140 timesteps
cdo(2) daymean: Processed 9122400 values from 1 variable over 140 timesteps
cdo shifttime: Processed 2280600 values from 1 variable over 35 timesteps [0.11s 54MB]
aggregating ufs_b33 20130715 icec
cdo(2) daymean: Process started
cdo(3) shifttime: Process started
cdo(3) shifttime: Processed 9122400 values from 1 variable over 140 timesteps
cdo(2) daymean: Processed 9122400 values from 1 variable over 140 timesteps
cdo shifttime: Processed 2280600 values from 1 variable over 35 timesteps [0.12s 54MB]
aggregating ufs_b33 20130801 icec
cdo(2) daymean: Process started
cdo(3) shifttime: Process started
cdo(3) shifttime: Processed 9122400 values from 1 variable over 140 timesteps
cdo(2) daymean: Processed 9122400 values from 1 variable over 140 timesteps
cdo shifttime: Processed 2280600 values from 1 variable over 35 timesteps [0.16s 54MB]
aggregating ufs_b33 20130815 icec
cdo(2) daymean: Process started
cdo(3) shifttime: Process started
cdo(3) shifttime: Processed 9122400 values from 1 variable over 140 timesteps
cdo(2) daymean: Processed 9122400 values from 1 variable over 140 timesteps
cdo shifttime: Processed 2280600 values from 1 variable over 35 timesteps [0.16s 54MB]
aggregating ufs_b33 20130901 icec
cdo(2) daymean: Process started
cdo(3) shifttime: Process started
cdo(3) shifttime: Processed 9122400 values from 1 variable over 140 timesteps
cdo(2) daymean: Processed 9122400 values from 1 variable over 140 timesteps
cdo shifttime: Processed 2280600 values from 1 variable over 35 timesteps [0.15s 54MB]
aggregating ufs_b33 20130915 icec
cdo(2) daymean: Process started
cdo(3) shifttime: Process started
cdo(3) shifttime: Processed 9122400 values from 1 variable over 140 timesteps
cdo(2) daymean: Processed 9122400 values from 1 variable over 140 timesteps
cdo shifttime: Processed 2280600 values from 1 variable over 35 timesteps [0.12s 54MB]
aggregating ufs_b33 20131001 icec
cdo(2) daymean: Process started
cdo(3) shifttime: Process started
cdo(3) shifttime: Processed 9122400 values from 1 variable over 140 timesteps
cdo(2) daymean: Processed 9122400 values from 1 variable over 140 timesteps
cdo shifttime: Processed 2280600 values from 1 variable over 35 timesteps [0.13s 54MB]
aggregating ufs_b33 20131015 icec
cdo(2) daymean: Process started
cdo(3) shifttime: Process started
cdo(3) shifttime: Processed 9122400 values from 1 variable over 140 timesteps
cdo(2) daymean: Processed 9122400 values from 1 variable over 140 timesteps
cdo shifttime: Processed 2280600 values from 1 variable over 35 timesteps [0.11s 54MB]
aggregating ufs_b33 20131101 icec
cdo(2) daymean: Process started
cdo(3) shifttime: Process started
cdo(3) shifttime: Processed 9122400 values from 1 variable over 140 timesteps
cdo(2) daymean: Processed 9122400 values from 1 variable over 140 timesteps
cdo shifttime: Processed 2280600 values from 1 variable over 35 timesteps [0.15s 54MB]
aggregating ufs_b33 20131115 icec
cdo(2) daymean: Process started
cdo(3) shifttime: Process started
cdo(3) shifttime: Processed 9122400 values from 1 variable over 140 timesteps
cdo(2) daymean: Processed 9122400 values from 1 variable over 140 timesteps
cdo shifttime: Processed 2280600 values from 1 variable over 35 timesteps [0.16s 54MB]
aggregating ufs_b33 20131201 icec
cdo(2) daymean: Process started
cdo(3) shifttime: Process started
cdo(3) shifttime: Processed 9122400 values from 1 variable over 140 timesteps
cdo(2) daymean: Processed 9122400 values from 1 variable over 140 timesteps
cdo shifttime: Processed 2280600 values from 1 variable over 35 timesteps [0.14s 54MB]
aggregating ufs_b33 20131215 icec
cdo(2) daymean: Process started
cdo(3) shifttime: Process started
cdo(3) shifttime: Processed 9122400 values from 1 variable over 140 timesteps
cdo(2) daymean: Processed 9122400 values from 1 variable over 140 timesteps
cdo shifttime: Processed 2280600 values from 1 variable over 35 timesteps [0.11s 54MB]
aggregating ufs_b33 20140101 icec
cdo(2) daymean: Process started
cdo(3) shifttime: Process started
cdo(3) shifttime: Processed 9122400 values from 1 variable over 140 timesteps
cdo(2) daymean: Processed 9122400 values from 1 variable over 140 timesteps
cdo shifttime: Processed 2280600 values from 1 variable over 35 timesteps [0.13s 54MB]
aggregating ufs_b33 20140115 icec
cdo(2) daymean: Process started
cdo(3) shifttime: Process started
cdo(3) shifttime: Processed 9122400 values from 1 variable over 140 timesteps
cdo(2) daymean: Processed 9122400 values from 1 variable over 140 timesteps
cdo shifttime: Processed 2280600 values from 1 variable over 35 timesteps [0.11s 54MB]
aggregating ufs_b33 20140201 icec
cdo(2) daymean: Process started
cdo(3) shifttime: Process started
cdo(3) shifttime: Processed 9122400 values from 1 variable over 140 timesteps
cdo(2) daymean: Processed 9122400 values from 1 variable over 140 timesteps
cdo shifttime: Processed 2280600 values from 1 variable over 35 timesteps [0.11s 54MB]
aggregating ufs_b33 20140215 icec
cdo(2) daymean: Process started
cdo(3) shifttime: Process started
cdo(3) shifttime: Processed 9122400 values from 1 variable over 140 timesteps
cdo(2) daymean: Processed 9122400 values from 1 variable over 140 timesteps
cdo shifttime: Processed 2280600 values from 1 variable over 35 timesteps [0.14s 54MB]
aggregating ufs_b33 20140301 icec
cdo(2) daymean: Process started
cdo(3) shifttime: Process started
cdo(3) shifttime: Processed 9122400 values from 1 variable over 140 timesteps
cdo(2) daymean: Processed 9122400 values from 1 variable over 140 timesteps
cdo shifttime: Processed 2280600 values from 1 variable over 35 timesteps [0.12s 54MB]
aggregating ufs_b33 20140315 icec
cdo(2) daymean: Process started
cdo(3) shifttime: Process started
cdo(3) shifttime: Processed 9122400 values from 1 variable over 140 timesteps
cdo(2) daymean: Processed 9122400 values from 1 variable over 140 timesteps
cdo shifttime: Processed 2280600 values from 1 variable over 35 timesteps [0.16s 54MB]
aggregating ufs_b33 20140401 icec
cdo(2) daymean: Process started
cdo(3) shifttime: Process started
cdo(3) shifttime: Processed 9122400 values from 1 variable over 140 timesteps
cdo(2) daymean: Processed 9122400 values from 1 variable over 140 timesteps
cdo shifttime: Processed 2280600 values from 1 variable over 35 timesteps [0.13s 54MB]
aggregating ufs_b33 20140415 icec
cdo(2) daymean: Process started
cdo(3) shifttime: Process started
cdo(3) shifttime: Processed 9122400 values from 1 variable over 140 timesteps
cdo(2) daymean: Processed 9122400 values from 1 variable over 140 timesteps
cdo shifttime: Processed 2280600 values from 1 variable over 35 timesteps [0.11s 54MB]
aggregating ufs_b33 20140501 icec
cdo(2) daymean: Process started
cdo(3) shifttime: Process started
cdo(3) shifttime: Processed 9122400 values from 1 variable over 140 timesteps
cdo(2) daymean: Processed 9122400 values from 1 variable over 140 timesteps
cdo shifttime: Processed 2280600 values from 1 variable over 35 timesteps [0.15s 54MB]
aggregating ufs_b33 20140515 icec
cdo(2) daymean: Process started
cdo(3) shifttime: Process started
cdo(3) shifttime: Processed 9122400 values from 1 variable over 140 timesteps
cdo(2) daymean: Processed 9122400 values from 1 variable over 140 timesteps
cdo shifttime: Processed 2280600 values from 1 variable over 35 timesteps [0.12s 54MB]
aggregating ufs_b33 20140601 icec
cdo(2) daymean: Process started
cdo(3) shifttime: Process started
cdo(3) shifttime: Processed 9122400 values from 1 variable over 140 timesteps
cdo(2) daymean: Processed 9122400 values from 1 variable over 140 timesteps
cdo shifttime: Processed 2280600 values from 1 variable over 35 timesteps [0.13s 54MB]
aggregating ufs_b33 20140615 icec
cdo(2) daymean: Process started
cdo(3) shifttime: Process started
cdo(3) shifttime: Processed 9122400 values from 1 variable over 140 timesteps
cdo(2) daymean: Processed 9122400 values from 1 variable over 140 timesteps
cdo shifttime: Processed 2280600 values from 1 variable over 35 timesteps [0.11s 54MB]
aggregating ufs_b33 20140701 icec
cdo(2) daymean: Process started
cdo(3) shifttime: Process started
cdo(3) shifttime: Processed 9122400 values from 1 variable over 140 timesteps
cdo(2) daymean: Processed 9122400 values from 1 variable over 140 timesteps
cdo shifttime: Processed 2280600 values from 1 variable over 35 timesteps [0.15s 54MB]
aggregating ufs_b33 20140715 icec
cdo(2) daymean: Process started
cdo(3) shifttime: Process started
cdo(3) shifttime: Processed 9122400 values from 1 variable over 140 timesteps
cdo(2) daymean: Processed 9122400 values from 1 variable over 140 timesteps
cdo shifttime: Processed 2280600 values from 1 variable over 35 timesteps [0.14s 54MB]
aggregating ufs_b33 20140801 icec
cdo(2) daymean: Process started
cdo(3) shifttime: Process started
cdo(3) shifttime: Processed 9122400 values from 1 variable over 140 timesteps
cdo(2) daymean: Processed 9122400 values from 1 variable over 140 timesteps
cdo shifttime: Processed 2280600 values from 1 variable over 35 timesteps [0.11s 54MB]
aggregating ufs_b33 20140815 icec
cdo(2) daymean: Process started
cdo(3) shifttime: Process started
cdo(3) shifttime: Processed 9122400 values from 1 variable over 140 timesteps
cdo(2) daymean: Processed 9122400 values from 1 variable over 140 timesteps
cdo shifttime: Processed 2280600 values from 1 variable over 35 timesteps [0.15s 54MB]
aggregating ufs_b33 20140901 icec
cdo(2) daymean: Process started
cdo(3) shifttime: Process started
cdo(3) shifttime: Processed 9122400 values from 1 variable over 140 timesteps
cdo(2) daymean: Processed 9122400 values from 1 variable over 140 timesteps
cdo shifttime: Processed 2280600 values from 1 variable over 35 timesteps [0.17s 54MB]
aggregating ufs_b33 20140915 icec
cdo(2) daymean: Process started
cdo(3) shifttime: Process started
cdo(3) shifttime: Processed 9122400 values from 1 variable over 140 timesteps
cdo(2) daymean: Processed 9122400 values from 1 variable over 140 timesteps
cdo shifttime: Processed 2280600 values from 1 variable over 35 timesteps [0.11s 54MB]
aggregating ufs_b33 20141001 icec
cdo(2) daymean: Process started
cdo(3) shifttime: Process started
cdo(3) shifttime: Processed 9122400 values from 1 variable over 140 timesteps
cdo(2) daymean: Processed 9122400 values from 1 variable over 140 timesteps
cdo shifttime: Processed 2280600 values from 1 variable over 35 timesteps [0.10s 54MB]
aggregating ufs_b33 20141015 icec
cdo(2) daymean: Process started
cdo(3) shifttime: Process started
cdo(3) shifttime: Processed 9122400 values from 1 variable over 140 timesteps
cdo(2) daymean: Processed 9122400 values from 1 variable over 140 timesteps
cdo shifttime: Processed 2280600 values from 1 variable over 35 timesteps [0.14s 54MB]
aggregating ufs_b33 20141101 icec
cdo(2) daymean: Process started
cdo(3) shifttime: Process started
cdo(3) shifttime: Processed 9122400 values from 1 variable over 140 timesteps
cdo(2) daymean: Processed 9122400 values from 1 variable over 140 timesteps
cdo shifttime: Processed 2280600 values from 1 variable over 35 timesteps [0.15s 54MB]
aggregating ufs_b33 20141115 icec
cdo(2) daymean: Process started
cdo(3) shifttime: Process started
cdo(3) shifttime: Processed 9122400 values from 1 variable over 140 timesteps
cdo(2) daymean: Processed 9122400 values from 1 variable over 140 timesteps
cdo shifttime: Processed 2280600 values from 1 variable over 35 timesteps [0.12s 54MB]
aggregating ufs_b33 20141201 icec
cdo(2) daymean: Process started
cdo(3) shifttime: Process started
cdo(3) shifttime: Processed 9122400 values from 1 variable over 140 timesteps
cdo(2) daymean: Processed 9122400 values from 1 variable over 140 timesteps
cdo shifttime: Processed 2280600 values from 1 variable over 35 timesteps [0.12s 54MB]
aggregating ufs_b33 20141215 icec
cdo(2) daymean: Process started
cdo(3) shifttime: Process started
cdo(3) shifttime: Processed 9122400 values from 1 variable over 140 timesteps
cdo(2) daymean: Processed 9122400 values from 1 variable over 140 timesteps
cdo shifttime: Processed 2280600 values from 1 variable over 35 timesteps [0.12s 54MB]
aggregating ufs_b33 20150101 icec
cdo(2) daymean: Process started
cdo(3) shifttime: Process started
cdo(3) shifttime: Processed 9122400 values from 1 variable over 140 timesteps
cdo(2) daymean: Processed 9122400 values from 1 variable over 140 timesteps
cdo shifttime: Processed 2280600 values from 1 variable over 35 timesteps [0.12s 54MB]
aggregating ufs_b33 20150115 icec
cdo(2) daymean: Process started
cdo(3) shifttime: Process started
cdo(3) shifttime: Processed 9122400 values from 1 variable over 140 timesteps
cdo(2) daymean: Processed 9122400 values from 1 variable over 140 timesteps
cdo shifttime: Processed 2280600 values from 1 variable over 35 timesteps [0.13s 54MB]
aggregating ufs_b33 20150201 icec
cdo(2) daymean: Process started
cdo(3) shifttime: Process started
cdo(3) shifttime: Processed 9122400 values from 1 variable over 140 timesteps
cdo(2) daymean: Processed 9122400 values from 1 variable over 140 timesteps
cdo shifttime: Processed 2280600 values from 1 variable over 35 timesteps [0.12s 54MB]
aggregating ufs_b33 20150215 icec
cdo(2) daymean: Process started
cdo(3) shifttime: Process started
cdo(3) shifttime: Processed 9122400 values from 1 variable over 140 timesteps
cdo(2) daymean: Processed 9122400 values from 1 variable over 140 timesteps
cdo shifttime: Processed 2280600 values from 1 variable over 35 timesteps [0.16s 54MB]
aggregating ufs_b33 20150301 icec
cdo(2) daymean: Process started
cdo(3) shifttime: Process started
cdo(3) shifttime: Processed 9122400 values from 1 variable over 140 timesteps
cdo(2) daymean: Processed 9122400 values from 1 variable over 140 timesteps
cdo shifttime: Processed 2280600 values from 1 variable over 35 timesteps [0.16s 54MB]
aggregating ufs_b33 20150315 icec
cdo(2) daymean: Process started
cdo(3) shifttime: Process started
cdo(3) shifttime: Processed 9122400 values from 1 variable over 140 timesteps
cdo(2) daymean: Processed 9122400 values from 1 variable over 140 timesteps
cdo shifttime: Processed 2280600 values from 1 variable over 35 timesteps [0.16s 54MB]
aggregating ufs_b33 20150401 icec
cdo(2) daymean: Process started
cdo(3) shifttime: Process started
cdo(3) shifttime: Processed 9122400 values from 1 variable over 140 timesteps
cdo(2) daymean: Processed 9122400 values from 1 variable over 140 timesteps
cdo shifttime: Processed 2280600 values from 1 variable over 35 timesteps [0.12s 54MB]
aggregating ufs_b33 20150415 icec
cdo(2) daymean: Process started
cdo(3) shifttime: Process started
cdo(3) shifttime: Processed 9122400 values from 1 variable over 140 timesteps
cdo(2) daymean: Processed 9122400 values from 1 variable over 140 timesteps
cdo shifttime: Processed 2280600 values from 1 variable over 35 timesteps [0.15s 54MB]
aggregating ufs_b33 20150501 icec
cdo(2) daymean: Process started
cdo(3) shifttime: Process started
cdo(3) shifttime: Processed 9122400 values from 1 variable over 140 timesteps
cdo(2) daymean: Processed 9122400 values from 1 variable over 140 timesteps
cdo shifttime: Processed 2280600 values from 1 variable over 35 timesteps [0.11s 54MB]
aggregating ufs_b33 20150515 icec
cdo(2) daymean: Process started
cdo(3) shifttime: Process started
cdo(3) shifttime: Processed 9122400 values from 1 variable over 140 timesteps
cdo(2) daymean: Processed 9122400 values from 1 variable over 140 timesteps
cdo shifttime: Processed 2280600 values from 1 variable over 35 timesteps [0.12s 54MB]
aggregating ufs_b33 20150601 icec
cdo(2) daymean: Process started
cdo(3) shifttime: Process started
cdo(3) shifttime: Processed 9122400 values from 1 variable over 140 timesteps
cdo(2) daymean: Processed 9122400 values from 1 variable over 140 timesteps
cdo shifttime: Processed 2280600 values from 1 variable over 35 timesteps [0.16s 54MB]
aggregating ufs_b33 20150615 icec
cdo(2) daymean: Process started
cdo(3) shifttime: Process started
cdo(3) shifttime: Processed 9122400 values from 1 variable over 140 timesteps
cdo(2) daymean: Processed 9122400 values from 1 variable over 140 timesteps
cdo shifttime: Processed 2280600 values from 1 variable over 35 timesteps [0.12s 54MB]
aggregating ufs_b33 20150701 icec
cdo(2) daymean: Process started
cdo(3) shifttime: Process started
cdo(3) shifttime: Processed 9122400 values from 1 variable over 140 timesteps
cdo(2) daymean: Processed 9122400 values from 1 variable over 140 timesteps
cdo shifttime: Processed 2280600 values from 1 variable over 35 timesteps [0.12s 54MB]
aggregating ufs_b33 20150715 icec
cdo(2) daymean: Process started
cdo(3) shifttime: Process started
cdo(3) shifttime: Processed 9122400 values from 1 variable over 140 timesteps
cdo(2) daymean: Processed 9122400 values from 1 variable over 140 timesteps
cdo shifttime: Processed 2280600 values from 1 variable over 35 timesteps [0.11s 54MB]
aggregating ufs_b33 20150801 icec
cdo(2) daymean: Process started
cdo(3) shifttime: Process started
cdo(3) shifttime: Processed 9122400 values from 1 variable over 140 timesteps
cdo(2) daymean: Processed 9122400 values from 1 variable over 140 timesteps
cdo shifttime: Processed 2280600 values from 1 variable over 35 timesteps [0.16s 54MB]
aggregating ufs_b33 20150815 icec
cdo(2) daymean: Process started
cdo(3) shifttime: Process started
cdo(3) shifttime: Processed 9122400 values from 1 variable over 140 timesteps
cdo(2) daymean: Processed 9122400 values from 1 variable over 140 timesteps
cdo shifttime: Processed 2280600 values from 1 variable over 35 timesteps [0.12s 54MB]
aggregating ufs_b33 20150901 icec
cdo(2) daymean: Process started
cdo(3) shifttime: Process started
cdo(3) shifttime: Processed 9122400 values from 1 variable over 140 timesteps
cdo(2) daymean: Processed 9122400 values from 1 variable over 140 timesteps
cdo shifttime: Processed 2280600 values from 1 variable over 35 timesteps [0.17s 54MB]
aggregating ufs_b33 20150915 icec
cdo(2) daymean: Process started
cdo(3) shifttime: Process started
cdo(3) shifttime: Processed 9122400 values from 1 variable over 140 timesteps
cdo(2) daymean: Processed 9122400 values from 1 variable over 140 timesteps
cdo shifttime: Processed 2280600 values from 1 variable over 35 timesteps [0.16s 54MB]
aggregating ufs_b33 20151001 icec
cdo(2) daymean: Process started
cdo(3) shifttime: Process started
cdo(3) shifttime: Processed 9122400 values from 1 variable over 140 timesteps
cdo(2) daymean: Processed 9122400 values from 1 variable over 140 timesteps
cdo shifttime: Processed 2280600 values from 1 variable over 35 timesteps [0.11s 54MB]
aggregating ufs_b33 20151015 icec
cdo(2) daymean: Process started
cdo(3) shifttime: Process started
cdo(3) shifttime: Processed 9122400 values from 1 variable over 140 timesteps
cdo(2) daymean: Processed 9122400 values from 1 variable over 140 timesteps
cdo shifttime: Processed 2280600 values from 1 variable over 35 timesteps [0.15s 54MB]
aggregating ufs_b33 20151101 icec
cdo(2) daymean: Process started
cdo(3) shifttime: Process started
cdo(3) shifttime: Processed 9122400 values from 1 variable over 140 timesteps
cdo(2) daymean: Processed 9122400 values from 1 variable over 140 timesteps
cdo shifttime: Processed 2280600 values from 1 variable over 35 timesteps [0.15s 54MB]
aggregating ufs_b33 20151115 icec
cdo(2) daymean: Process started
cdo(3) shifttime: Process started
cdo(3) shifttime: Processed 9122400 values from 1 variable over 140 timesteps
cdo(2) daymean: Processed 9122400 values from 1 variable over 140 timesteps
cdo shifttime: Processed 2280600 values from 1 variable over 35 timesteps [0.12s 54MB]
aggregating ufs_b33 20151201 icec
cdo(2) daymean: Process started
cdo(3) shifttime: Process started
cdo(3) shifttime: Processed 9122400 values from 1 variable over 140 timesteps
cdo(2) daymean: Processed 9122400 values from 1 variable over 140 timesteps
cdo shifttime: Processed 2280600 values from 1 variable over 35 timesteps [0.14s 54MB]
aggregating ufs_b33 20151215 icec
cdo(2) daymean: Process started
cdo(3) shifttime: Process started
cdo(3) shifttime: Processed 9122400 values from 1 variable over 140 timesteps
cdo(2) daymean: Processed 9122400 values from 1 variable over 140 timesteps
cdo shifttime: Processed 2280600 values from 1 variable over 35 timesteps [0.15s 54MB]
aggregating ufs_b33 20160101 icec
cdo(2) daymean: Process started
cdo(3) shifttime: Process started
cdo(3) shifttime: Processed 9122400 values from 1 variable over 140 timesteps
cdo(2) daymean: Processed 9122400 values from 1 variable over 140 timesteps
cdo shifttime: Processed 2280600 values from 1 variable over 35 timesteps [0.13s 54MB]
aggregating ufs_b33 20160115 icec
cdo(2) daymean: Process started
cdo(3) shifttime: Process started
cdo(3) shifttime: Processed 9122400 values from 1 variable over 140 timesteps
cdo(2) daymean: Processed 9122400 values from 1 variable over 140 timesteps
cdo shifttime: Processed 2280600 values from 1 variable over 35 timesteps [0.13s 54MB]
aggregating ufs_b33 20160201 icec
cdo(2) daymean: Process started
cdo(3) shifttime: Process started
cdo(3) shifttime: Processed 9122400 values from 1 variable over 140 timesteps
cdo(2) daymean: Processed 9122400 values from 1 variable over 140 timesteps
cdo shifttime: Processed 2280600 values from 1 variable over 35 timesteps [0.13s 54MB]
aggregating ufs_b33 20160215 icec
cdo(2) daymean: Process started
cdo(3) shifttime: Process started
cdo(3) shifttime: Processed 9122400 values from 1 variable over 140 timesteps
cdo(2) daymean: Processed 9122400 values from 1 variable over 140 timesteps
cdo shifttime: Processed 2280600 values from 1 variable over 35 timesteps [0.12s 54MB]
aggregating ufs_b33 20160301 icec
cdo(2) daymean: Process started
cdo(3) shifttime: Process started
cdo(3) shifttime: Processed 9122400 values from 1 variable over 140 timesteps
cdo(2) daymean: Processed 9122400 values from 1 variable over 140 timesteps
cdo shifttime: Processed 2280600 values from 1 variable over 35 timesteps [0.10s 54MB]
aggregating ufs_b33 20160315 icec
cdo(2) daymean: Process started
cdo(3) shifttime: Process started
cdo(3) shifttime: Processed 9122400 values from 1 variable over 140 timesteps
cdo(2) daymean: Processed 9122400 values from 1 variable over 140 timesteps
cdo shifttime: Processed 2280600 values from 1 variable over 35 timesteps [0.14s 54MB]
aggregating ufs_b33 20160401 icec
cdo(2) daymean: Process started
cdo(3) shifttime: Process started
cdo(3) shifttime: Processed 9122400 values from 1 variable over 140 timesteps
cdo(2) daymean: Processed 9122400 values from 1 variable over 140 timesteps
cdo shifttime: Processed 2280600 values from 1 variable over 35 timesteps [0.13s 54MB]
aggregating ufs_b33 20160415 icec
cdo(2) daymean: Process started
cdo(3) shifttime: Process started
cdo(3) shifttime: Processed 9122400 values from 1 variable over 140 timesteps
cdo(2) daymean: Processed 9122400 values from 1 variable over 140 timesteps
cdo shifttime: Processed 2280600 values from 1 variable over 35 timesteps [0.14s 54MB]
aggregating ufs_b33 20160501 icec
cdo(2) daymean: Process started
cdo(3) shifttime: Process started
cdo(3) shifttime: Processed 9122400 values from 1 variable over 140 timesteps
cdo(2) daymean: Processed 9122400 values from 1 variable over 140 timesteps
cdo shifttime: Processed 2280600 values from 1 variable over 35 timesteps [0.11s 54MB]
aggregating ufs_b33 20160515 icec
cdo(2) daymean: Process started
cdo(3) shifttime: Process started
cdo(3) shifttime: Processed 9122400 values from 1 variable over 140 timesteps
cdo(2) daymean: Processed 9122400 values from 1 variable over 140 timesteps
cdo shifttime: Processed 2280600 values from 1 variable over 35 timesteps [0.10s 54MB]
aggregating ufs_b33 20160601 icec
cdo(2) daymean: Process started
cdo(3) shifttime: Process started
cdo(3) shifttime: Processed 9122400 values from 1 variable over 140 timesteps
cdo(2) daymean: Processed 9122400 values from 1 variable over 140 timesteps
cdo shifttime: Processed 2280600 values from 1 variable over 35 timesteps [0.11s 54MB]
aggregating ufs_b33 20160615 icec
slurmstepd: error: *** JOB 9005860 ON h1c01 CANCELLED AT 2020-06-23T21:17:40 DUE TO TIME LIMIT ***
_______________________________________________________________
Start Epilog v19.07.23 on node h1c01 for job 9005860 :: Tue Jun 23 21:17:51 UTC 2020
Job 9005860 (not serial) finished for user Lydia.B.Stefanova in partition hera with exit code 0:15
_______________________________________________________________
End Epilogue v19.07.23 Tue Jun 23 21:17:51 UTC 2020
